2024-11-26 09:55:31,997 - root - INFO - Conectado ao MongoDB.
2024-11-26 10:08:20,749 - root - INFO - Conectado ao MongoDB.
2024-11-26 10:09:00,822 - root - ERROR - 'async for' requires an object with __aiter__ method, got coroutine
Traceback (most recent call last):
  File "C:\Users\thiag\Desktop\Video AI\Prospeccao_novos_clientes\SDR_prospecting\src\helpers\make_template.py", line 55, in create_template
    async for _client in mongo.find(
TypeError: 'async for' requires an object with __aiter__ method, got coroutine
2024-11-26 10:48:00,886 - root - INFO - Conectado ao MongoDB.
2024-11-26 10:49:03,703 - root - INFO - Conectado ao MongoDB.
2024-11-26 10:54:31,428 - root - INFO - Conectado ao MongoDB.
2024-11-26 10:57:30,709 - root - INFO - Conectado ao MongoDB.
2024-11-26 13:19:21,489 - root - INFO - Conectado ao MongoDB.
2024-11-26 13:20:01,240 - root - ERROR - 'async for' requires an object with __aiter__ method, got coroutine
Traceback (most recent call last):
  File "C:\Users\thiag\Desktop\Video AI\Prospeccao_novos_clientes\SDR_prospecting\src\helpers\make_template.py", line 55, in create_template
    async for _client in mongo.find(
TypeError: 'async for' requires an object with __aiter__ method, got coroutine
2024-11-26 13:22:05,637 - root - INFO - Conectado ao MongoDB.
2024-11-26 13:22:18,623 - root - ERROR - 'async for' requires an object with __aiter__ method, got list
Traceback (most recent call last):
  File "C:\Users\thiag\Desktop\Video AI\Prospeccao_novos_clientes\SDR_prospecting\src\helpers\make_template.py", line 55, in create_template
    async for _client in await mongo.find(
TypeError: 'async for' requires an object with __aiter__ method, got list
2024-11-26 13:22:51,017 - root - INFO - Conectado ao MongoDB.
2024-11-26 13:23:03,486 - root - ERROR - 'async for' requires an object with __aiter__ method, got list
Traceback (most recent call last):
  File "C:\Users\thiag\Desktop\Video AI\Prospeccao_novos_clientes\SDR_prospecting\src\helpers\make_template.py", line 55, in create_template
    async for _client in await mongo.find(
TypeError: 'async for' requires an object with __aiter__ method, got list
2024-11-26 13:38:25,038 - root - INFO - Conectado ao MongoDB.
2024-11-26 13:38:40,236 - root - ERROR - 'async for' requires an object with __aiter__ method, got list
Traceback (most recent call last):
  File "C:\Users\thiag\Desktop\Video AI\Prospeccao_novos_clientes\SDR_prospecting\src\helpers\make_template.py", line 57, in create_template
    async for _client in await mongo.find(
TypeError: 'async for' requires an object with __aiter__ method, got list
2024-11-26 13:38:56,399 - root - INFO - Conectado ao MongoDB.
2024-11-26 13:40:16,797 - root - ERROR - 'async for' requires an object with __aiter__ method, got list
Traceback (most recent call last):
  File "C:\Users\thiag\Desktop\Video AI\Prospeccao_novos_clientes\SDR_prospecting\src\helpers\make_template.py", line 57, in create_template
    async for _client in await mongo.find(
TypeError: 'async for' requires an object with __aiter__ method, got list
2024-11-26 13:46:31,880 - root - INFO - Conectado ao MongoDB.
2024-11-26 13:48:30,960 - root - INFO - Conectado ao MongoDB.
2024-11-26 13:49:34,888 - root - INFO - Conectado ao MongoDB.
2024-11-26 13:49:48,092 - root - ERROR - 'async for' requires an object with __aiter__ method, got list
Traceback (most recent call last):
  File "C:\Users\thiag\Desktop\Video AI\Prospeccao_novos_clientes\SDR_prospecting\src\helpers\make_template.py", line 916, in create_template
    async for _client in _clients:
TypeError: 'async for' requires an object with __aiter__ method, got list
2024-11-26 13:50:10,948 - root - INFO - Conectado ao MongoDB.
2024-11-26 13:50:44,087 - root - ERROR - MongoDB.find() takes 3 positional arguments but 4 were given
Traceback (most recent call last):
  File "C:\Users\thiag\Desktop\Video AI\Prospeccao_novos_clientes\SDR_prospecting\src\helpers\make_template.py", line 918, in create_template
    client = await Client.init(str(_client["_id"]), pre_register=False)
             ^^^^^^^^^^^^^^^^^^^^^^^^^^^^^^^^^^^^^^^^^^^^^^^^^^^^^^^^^^
  File "C:\Users\thiag\Desktop\Video AI\Prospeccao_novos_clientes\SDR_prospecting\src\handlers\client.py", line 70, in init
    await instance.__load(pre_register)
  File "C:\Users\thiag\Desktop\Video AI\Prospeccao_novos_clientes\SDR_prospecting\src\handlers\client.py", line 159, in __load
    for template in await mongo.find(
                          ^^^^^^^^^^^
TypeError: MongoDB.find() takes 3 positional arguments but 4 were given
2024-11-26 13:50:44,090 - root - ERROR - cannot access local variable 'client' where it is not associated with a value
Traceback (most recent call last):
  File "C:\Users\thiag\Desktop\Video AI\Prospeccao_novos_clientes\SDR_prospecting\src\helpers\make_template.py", line 925, in create_template
    print(f"Client {client.id} started")
                    ^^^^^^
UnboundLocalError: cannot access local variable 'client' where it is not associated with a value
2024-11-26 13:51:27,169 - root - INFO - Conectado ao MongoDB.
2024-11-26 13:53:45,411 - root - INFO - Conectado ao MongoDB.
2024-11-26 13:54:53,361 - root - INFO - Conectado ao MongoDB.
2024-11-26 14:00:53,606 - root - INFO - Conectado ao MongoDB.
2024-11-26 14:02:01,842 - root - ERROR - 'MongoDB' object has no attribute 'database'
Traceback (most recent call last):
  File "C:\Users\thiag\Desktop\Video AI\Prospeccao_novos_clientes\SDR_prospecting\src\helpers\make_template.py", line 1066, in create_template
    saved_changes_id = await mongo.database.saved_changes.insert_one(
                             ^^^^^^^^^^^^^^
AttributeError: 'MongoDB' object has no attribute 'database'
2024-11-26 14:02:43,811 - root - INFO - Conectado ao MongoDB.
2024-11-26 14:03:44,895 - root - INFO - Conectado ao MongoDB.
2024-11-26 14:23:13,417 - root - INFO - Conectado ao MongoDB.
2024-11-26 14:23:17,976 - root - INFO - Conectado ao MongoDB.
2024-11-26 14:25:00,799 - root - INFO - Aplicação Firebase inicializada com sucesso.
2024-11-26 14:25:02,647 - root - INFO - Arquivo image_4914148e-6478-49d2-93fb-84ce8f32f13e.png enviado para o Firebase Storage.
2024-11-26 14:25:03,190 - root - INFO - URL pública gerada para image_4914148e-6478-49d2-93fb-84ce8f32f13e.png: https://storage.googleapis.com/video-ai-bae31.appspot.com/prospection_BF/None%20-%20ea0913c3-1c7e-4d11-9476-407d0b706bf0/image_4914148e-6478-49d2-93fb-84ce8f32f13e.png
2024-11-26 14:25:31,305 - root - INFO - Arquivo image_553ad071-71d5-47ea-bca4-52f3e02fd40e.png enviado para o Firebase Storage.
2024-11-26 14:25:31,846 - root - INFO - URL pública gerada para image_553ad071-71d5-47ea-bca4-52f3e02fd40e.png: https://storage.googleapis.com/video-ai-bae31.appspot.com/prospection_BF/None%20-%2051c7e001-786f-4ec6-bc39-266678bea262/image_553ad071-71d5-47ea-bca4-52f3e02fd40e.png
2024-11-26 14:25:38,832 - root - INFO - Arquivo image_ed9ce8e2-bb4f-4639-b417-033d1f2b3b8a.png enviado para o Firebase Storage.
2024-11-26 14:25:39,366 - root - INFO - URL pública gerada para image_ed9ce8e2-bb4f-4639-b417-033d1f2b3b8a.png: https://storage.googleapis.com/video-ai-bae31.appspot.com/prospection_BF/None%20-%20be1d30e6-6166-4929-a1a1-38ab0d047c45/image_ed9ce8e2-bb4f-4639-b417-033d1f2b3b8a.png
2024-11-26 14:25:54,414 - root - INFO - Arquivo image_df3dca3f-b68f-4be0-bfc6-4c524f0c3128.png enviado para o Firebase Storage.
2024-11-26 14:25:54,932 - root - INFO - URL pública gerada para image_df3dca3f-b68f-4be0-bfc6-4c524f0c3128.png: https://storage.googleapis.com/video-ai-bae31.appspot.com/prospection_BF/None%20-%2026bc7105-fb7b-4b9a-af6d-1f55c0e69f1e/image_df3dca3f-b68f-4be0-bfc6-4c524f0c3128.png
2024-11-26 14:26:03,979 - root - INFO - Arquivo image_3b453490-2d20-4e2e-99f8-f2649cfa3917.png enviado para o Firebase Storage.
2024-11-26 14:26:04,498 - root - INFO - URL pública gerada para image_3b453490-2d20-4e2e-99f8-f2649cfa3917.png: https://storage.googleapis.com/video-ai-bae31.appspot.com/prospection_BF/None%20-%20d535bd5e-28fd-4a9a-9fff-0eb428b52941/image_3b453490-2d20-4e2e-99f8-f2649cfa3917.png
2024-11-26 14:26:19,515 - root - INFO - Conectado ao MongoDB.
2024-11-26 14:26:22,222 - root - INFO - Aplicação Firebase inicializada com sucesso.
2024-11-26 14:26:23,936 - root - INFO - Arquivo image_cf5759d6-f52a-448c-80ec-8cf79eac2377.png enviado para o Firebase Storage.
2024-11-26 14:26:24,454 - root - INFO - URL pública gerada para image_cf5759d6-f52a-448c-80ec-8cf79eac2377.png: https://storage.googleapis.com/video-ai-bae31.appspot.com/prospection_BF/None%20-%20897451fe-8a62-4a6c-98fb-6c53e928204b/image_cf5759d6-f52a-448c-80ec-8cf79eac2377.png
2024-11-26 14:26:36,404 - root - INFO - Arquivo image_6870005e-4f28-4356-8f5d-b0f166015184.png enviado para o Firebase Storage.
2024-11-26 14:26:36,926 - root - INFO - URL pública gerada para image_6870005e-4f28-4356-8f5d-b0f166015184.png: https://storage.googleapis.com/video-ai-bae31.appspot.com/prospection_BF/None%20-%20674bd5fc-faaf-4780-8011-13d2c54302ab/image_6870005e-4f28-4356-8f5d-b0f166015184.png
2024-11-26 14:27:04,478 - root - INFO - Arquivo image_19ba026b-b2b6-4f38-95a5-6cf7fa933997.png enviado para o Firebase Storage.
2024-11-26 14:27:05,036 - root - INFO - URL pública gerada para image_19ba026b-b2b6-4f38-95a5-6cf7fa933997.png: https://storage.googleapis.com/video-ai-bae31.appspot.com/prospection_BF/None%20-%2061ddf7c3-d233-46d4-9dfc-ef86c43adac3/image_19ba026b-b2b6-4f38-95a5-6cf7fa933997.png
2024-11-26 14:27:15,877 - root - INFO - Conectado ao MongoDB.
2024-11-26 14:27:41,109 - root - INFO - Aplicação Firebase inicializada com sucesso.
2024-11-26 14:27:41,109 - root - INFO - Client ID: None
2024-11-26 14:27:42,982 - root - INFO - Arquivo image_a44a94a5-7b06-4605-bce4-59a84344529f.png enviado para o Firebase Storage.
2024-11-26 14:27:43,516 - root - INFO - URL pública gerada para image_a44a94a5-7b06-4605-bce4-59a84344529f.png: https://storage.googleapis.com/video-ai-bae31.appspot.com/prospection_BF/None%20-%2044f81da0-34ed-49a5-8a03-195b53dfab6a/image_a44a94a5-7b06-4605-bce4-59a84344529f.png
2024-11-26 14:31:04,706 - root - INFO - Conectado ao MongoDB.
2024-11-26 14:31:52,235 - root - INFO - Conectado ao MongoDB.
2024-11-26 14:32:03,233 - root - INFO - Conectado ao MongoDB.
2024-11-26 14:32:53,026 - root - INFO - Aplicação Firebase inicializada com sucesso.
2024-11-26 14:32:53,026 - root - INFO - Client ID: None
2024-11-26 14:32:54,790 - root - INFO - Arquivo image_74ba7a30-0765-40b0-b966-ac01fe6d427d.png enviado para o Firebase Storage.
2024-11-26 14:32:55,354 - root - INFO - URL pública gerada para image_74ba7a30-0765-40b0-b966-ac01fe6d427d.png: https://storage.googleapis.com/video-ai-bae31.appspot.com/prospection_BF/None%20-%20e74d1a6c-2dc3-4153-84aa-fb247fa99292/image_74ba7a30-0765-40b0-b966-ac01fe6d427d.png
2024-11-26 14:32:56,638 - root - INFO - Client: None
2024-11-26 14:34:38,827 - root - INFO - Conectado ao MongoDB.
2024-11-26 14:34:52,839 - root - INFO - Conectado ao MongoDB.
2024-11-26 14:35:07,456 - root - INFO - Conectado ao MongoDB.
2024-11-26 14:36:00,844 - root - INFO - Aplicação Firebase inicializada com sucesso.
2024-11-26 14:36:00,845 - root - INFO - Client ID: 65f35246a5c0f95aaad79e1f
2024-11-26 14:36:02,538 - root - INFO - Arquivo image_61e54914-4179-4cf5-a577-f2834d1ef36f.png enviado para o Firebase Storage.
2024-11-26 14:36:03,059 - root - INFO - URL pública gerada para image_61e54914-4179-4cf5-a577-f2834d1ef36f.png: https://storage.googleapis.com/video-ai-bae31.appspot.com/prospection_BF/65f35246a5c0f95aaad79e1f%20-%203aa36c96-f925-4065-95b7-d3c94726f586/image_61e54914-4179-4cf5-a577-f2834d1ef36f.png
2024-11-26 14:36:04,337 - root - INFO - Client: {'_id': ObjectId('65f35246a5c0f95aaad79e1f'), 'client': ['553588896391'], 'niche': 'hortifruti', 'database': 'hortifruti', 'purchase': {'type': 'paid', 'product_id': '54071', 'product_hash': 'mWQ4BR', 'use_limit': 300, 'end_date': datetime.datetime(2024, 11, 24, 0, 0, tzinfo=FixedOffset(datetime.timedelta(0), 'UTC')), 'start_trial': datetime.datetime(2024, 8, 24, 0, 0, tzinfo=FixedOffset(datetime.timedelta(0), 'UTC')), 'free_trial_ended_date': None}, 'analytics': {'id': None, 'source': 'google_search'}, 'preferences': {'newsletter': True}, 'info': {'name': 'Robert Hortifrut', 'cellphone': '553588896391', 'email': 'sousarobert854@gmail.com', 'address': 'Avenida São Capixaba - Bairro - Cidade/UF', 'instagram': '@instagram', 'facebook': 'asd'}, 'options': {'style': {'bg-layer': {'effects': {'colorize': {'color': '#c9eeb1'}}}, 'color-primary': '#c8ffc9', 'color-secondary': '#8cff43', 'color-bg-primary': '#c9eeb1', 'color-bg-secondary': '#006805', 'color-bg-tertiary': '#3aa700'}, 'logo-border-is-dark': True}, 'templates': ['6605bd3134db70ef71a343fb', '6605bd3234db70ef71a343fc', '6605bd3234db70ef71a343fd', '6605bd3334db70ef71a343fe', '6605bd3334db70ef71a343ff', '6605bd3334db70ef71a34400', '6605bd3334db70ef71a34401', '6605bd3434db70ef71a34402', '6605bd3434db70ef71a34403', '6605bd3434db70ef71a34404', '6605bd3434db70ef71a34405', '6605bd3434db70ef71a34406', '6605bd3534db70ef71a34407', '6605bd3534db70ef71a34408', '6605bd3534db70ef71a34409', '6605bd3534db70ef71a3440a', '6605bd3534db70ef71a3440b', '6605bd3634db70ef71a3440d', '6605bd3634db70ef71a3440e', '6605bd3634db70ef71a3440f', '6605bd3634db70ef71a34410', '6605bd3734db70ef71a34411', '6605bd3734db70ef71a34412', '6605bd3734db70ef71a34413', '6605bd3734db70ef71a34414', '6605bd3834db70ef71a34415', '6605bd3834db70ef71a34416', '6605bd3834db70ef71a34417', '66266250ea01f07825183034', '6605bd3534db70ef71a3440c', '6629487fea01f0782518303b', '660d688beda4b1b5dc271b39'], 'narration': {'company_name': 'três êmi Sacolão quarenta e dois e sete vish quatro', 'company_slogan': 'teste', 'number_narration': 'oito oito', 'company_genre': 'm'}, 'images': ['logo.png', 'dark-logo.png'], 'is_dev': True, 'has_logo': True, 'last_activity': datetime.datetime(2024, 11, 9, 7, 27, 28, 708000, tzinfo=FixedOffset(datetime.timedelta(0), 'UTC')), 'created_at': datetime.datetime(2024, 8, 14, 16, 38, 46, 483000, tzinfo=FixedOffset(datetime.timedelta(0), 'UTC')), 'cta': {'recovery_user_register_first_message': False, 'recovery_user_register_trys': 0, 'recovery_user_register_response': False, 'received_arts': 22}, 'password': '$argon2id$v=19$m=65536,t=3,p=4$HEKQlGMeBNYxvow9oW4nzg$vFElUOLoG+rOoh7oLRjWWBKhjtS1+2ES7YSWyPJoAbc', 'username': 'dev', 'has_profile_logo': False, 'logo_by_designer': True, 'prospector': {'name': 'Ana Paula', 'cellphone': '553598772449'}, 'agendor_funnel_stage': None, 'main_client': '553588896391', 'registered': True, 'crm': {'id': 39738181, 'deal_id': 26581679, 'funnel_id': 771116, 'funnel_stage': 3}, 'colors': {'primary': {'light': '#d3ffbd', 'dark': '#b7ff38'}, 'secondary': {'light': '#65cb43', 'dark': '#237f00'}, 'tertiary': {'light': '#8e29d2', 'dark': '#a025be'}}, 'is_tutorial': False, 'flow_state': None}
2024-11-26 14:36:04,562 - root - WARNING - Telefone 553588896391 nao encontrado no banco de dados
2024-11-26 14:36:04,562 - root - WARNING - Url: https://storage.googleapis.com/video-ai-bae31.appspot.com/prospection_BF/65f35246a5c0f95aaad79e1f%20-%203aa36c96-f925-4065-95b7-d3c94726f586/image_61e54914-4179-4cf5-a577-f2834d1ef36f.png
2024-11-26 14:36:31,453 - root - INFO - Client ID: 65f35246a5c0f95aaad79e1f
2024-11-26 14:36:32,691 - root - INFO - Arquivo image_c1520d94-69a8-45f9-ac82-83fd626350d3.png enviado para o Firebase Storage.
2024-11-26 14:36:33,210 - root - INFO - URL pública gerada para image_c1520d94-69a8-45f9-ac82-83fd626350d3.png: https://storage.googleapis.com/video-ai-bae31.appspot.com/prospection_BF/65f35246a5c0f95aaad79e1f%20-%20bb3a8892-4c65-4a5c-9844-b57ea1809444/image_c1520d94-69a8-45f9-ac82-83fd626350d3.png
2024-11-26 14:36:33,414 - root - INFO - Client: {'_id': ObjectId('65f35246a5c0f95aaad79e1f'), 'client': ['553588896391'], 'niche': 'hortifruti', 'database': 'hortifruti', 'purchase': {'type': 'paid', 'product_id': '54071', 'product_hash': 'mWQ4BR', 'use_limit': 300, 'end_date': datetime.datetime(2024, 11, 24, 0, 0, tzinfo=FixedOffset(datetime.timedelta(0), 'UTC')), 'start_trial': datetime.datetime(2024, 8, 24, 0, 0, tzinfo=FixedOffset(datetime.timedelta(0), 'UTC')), 'free_trial_ended_date': None}, 'analytics': {'id': None, 'source': 'google_search'}, 'preferences': {'newsletter': True}, 'info': {'name': 'Robert Hortifrut', 'cellphone': '553588896391', 'email': 'sousarobert854@gmail.com', 'address': 'Avenida São Capixaba - Bairro - Cidade/UF', 'instagram': '@instagram', 'facebook': 'asd'}, 'options': {'style': {'bg-layer': {'effects': {'colorize': {'color': '#c9eeb1'}}}, 'color-primary': '#c8ffc9', 'color-secondary': '#8cff43', 'color-bg-primary': '#c9eeb1', 'color-bg-secondary': '#006805', 'color-bg-tertiary': '#3aa700'}, 'logo-border-is-dark': True}, 'templates': ['6605bd3134db70ef71a343fb', '6605bd3234db70ef71a343fc', '6605bd3234db70ef71a343fd', '6605bd3334db70ef71a343fe', '6605bd3334db70ef71a343ff', '6605bd3334db70ef71a34400', '6605bd3334db70ef71a34401', '6605bd3434db70ef71a34402', '6605bd3434db70ef71a34403', '6605bd3434db70ef71a34404', '6605bd3434db70ef71a34405', '6605bd3434db70ef71a34406', '6605bd3534db70ef71a34407', '6605bd3534db70ef71a34408', '6605bd3534db70ef71a34409', '6605bd3534db70ef71a3440a', '6605bd3534db70ef71a3440b', '6605bd3634db70ef71a3440d', '6605bd3634db70ef71a3440e', '6605bd3634db70ef71a3440f', '6605bd3634db70ef71a34410', '6605bd3734db70ef71a34411', '6605bd3734db70ef71a34412', '6605bd3734db70ef71a34413', '6605bd3734db70ef71a34414', '6605bd3834db70ef71a34415', '6605bd3834db70ef71a34416', '6605bd3834db70ef71a34417', '66266250ea01f07825183034', '6605bd3534db70ef71a3440c', '6629487fea01f0782518303b', '660d688beda4b1b5dc271b39'], 'narration': {'company_name': 'três êmi Sacolão quarenta e dois e sete vish quatro', 'company_slogan': 'teste', 'number_narration': 'oito oito', 'company_genre': 'm'}, 'images': ['logo.png', 'dark-logo.png'], 'is_dev': True, 'has_logo': True, 'last_activity': datetime.datetime(2024, 11, 9, 7, 27, 28, 708000, tzinfo=FixedOffset(datetime.timedelta(0), 'UTC')), 'created_at': datetime.datetime(2024, 8, 14, 16, 38, 46, 483000, tzinfo=FixedOffset(datetime.timedelta(0), 'UTC')), 'cta': {'recovery_user_register_first_message': False, 'recovery_user_register_trys': 0, 'recovery_user_register_response': False, 'received_arts': 22}, 'password': '$argon2id$v=19$m=65536,t=3,p=4$HEKQlGMeBNYxvow9oW4nzg$vFElUOLoG+rOoh7oLRjWWBKhjtS1+2ES7YSWyPJoAbc', 'username': 'dev', 'has_profile_logo': False, 'logo_by_designer': True, 'prospector': {'name': 'Ana Paula', 'cellphone': '553598772449'}, 'agendor_funnel_stage': None, 'main_client': '553588896391', 'registered': True, 'crm': {'id': 39738181, 'deal_id': 26581679, 'funnel_id': 771116, 'funnel_stage': 3}, 'colors': {'primary': {'light': '#d3ffbd', 'dark': '#b7ff38'}, 'secondary': {'light': '#65cb43', 'dark': '#237f00'}, 'tertiary': {'light': '#8e29d2', 'dark': '#a025be'}}, 'is_tutorial': False, 'flow_state': None}
2024-11-26 14:36:33,620 - root - WARNING - Telefone 553588896391 nao encontrado no banco de dados
2024-11-26 14:36:33,620 - root - WARNING - Url: https://storage.googleapis.com/video-ai-bae31.appspot.com/prospection_BF/65f35246a5c0f95aaad79e1f%20-%20bb3a8892-4c65-4a5c-9844-b57ea1809444/image_c1520d94-69a8-45f9-ac82-83fd626350d3.png
2024-11-26 14:39:04,948 - root - INFO - Conectado ao MongoDB.
2024-11-26 14:40:39,303 - root - INFO - Conectado ao MongoDB.
2024-11-26 14:43:45,961 - root - INFO - Conectado ao MongoDB.
2024-11-26 14:43:58,457 - root - INFO - Conectado ao MongoDB.
2024-11-26 14:44:54,246 - root - INFO - Aplicação Firebase inicializada com sucesso.
2024-11-26 14:44:54,246 - root - INFO - Client ID: 665f169147ee179c0954145a
2024-11-26 14:44:56,001 - root - INFO - Arquivo image_a77782b7-75e6-4619-a4ec-eb57bb4f13ad.png enviado para o Firebase Storage.
2024-11-26 14:44:56,530 - root - INFO - URL pública gerada para image_a77782b7-75e6-4619-a4ec-eb57bb4f13ad.png: https://storage.googleapis.com/video-ai-bae31.appspot.com/prospection_BF/665f169147ee179c0954145a%20-%20f7a18509-c559-4c47-9dfe-601336284a9d/image_a77782b7-75e6-4619-a4ec-eb57bb4f13ad.png
2024-11-26 14:44:57,788 - root - INFO - Client: {'_id': ObjectId('665f169147ee179c0954145a'), 'client': ['5511934662569', '553198929068'], 'main_client': '5511934662569', 'username': 'videoai-admin-thiagonoq', 'password': '$argon2id$v=19$m=65536,t=3,p=4$yr0qG9ecu34+gqaSnOMM8A$mUzhmTjvgoeeN+1bGfkmRJLeDzRv+zD5R8GFC0+ewwM', 'niche': 'hortifruti', 'database': 'hortifruti', 'purchase': {'type': 'paid', 'product_id': '54071', 'product_hash': None, 'use_limit': 19, 'end_date': datetime.datetime(2024, 8, 23, 0, 0, tzinfo=FixedOffset(datetime.timedelta(0), 'UTC')), 'start_trial': datetime.datetime(2024, 6, 11, 12, 10, 46, 238000, tzinfo=FixedOffset(datetime.timedelta(0), 'UTC')), 'free_trial_ended_date': None}, 'analytics': {'id': None, 'source': 'email'}, 'preferences': {'newsletter': True}, 'cta': {'recovery_user_register_first_message': False, 'recovery_user_register_trys': 0, 'recovery_user_register_response': False, 'received_arts': 25}, 'info': {'name': 'Thiagos Hortifruti', 'cellphone': '(31) 99892-9068', 'email': None, 'address': 'Av Oscar Caetano Gomes 1706 Santo Antônio São Francisco MG', 'instagram': '@saboresdaterrahortifruti', 'facebook': None, 'marketing': {'hashtags': []}, 'extra': {}}, 'options': {'style': {'bg-layer': {'effects': {'colorize': {'color': '#c9eeb1'}}}, 'color-primary': '#006805', 'color-secondary': '#e1ffcd', 'color-bg-primary': '#c9eeb1', 'color-bg-secondary': '#006805', 'color-bg-tertiary': '#3aa700'}}, 'templates': ['6605bd3134db70ef71a343fb', '6605bd3234db70ef71a343fc', '6605bd3234db70ef71a343fd', '6605bd3334db70ef71a343fe', '6605bd3334db70ef71a343ff', '6605bd3334db70ef71a34400', '6605bd3334db70ef71a34401', '6605bd3434db70ef71a34402', '6605bd3434db70ef71a34403', '6605bd3434db70ef71a34404', '6605bd3434db70ef71a34405', '6605bd3434db70ef71a34406', '6605bd3534db70ef71a34407', '6605bd3534db70ef71a34408', '6605bd3534db70ef71a34409', '6605bd3534db70ef71a3440a', '6605bd3534db70ef71a3440b', '6605bd3634db70ef71a3440d', '6605bd3634db70ef71a3440e', '6605bd3634db70ef71a3440f', '6605bd3634db70ef71a34410', '6605bd3734db70ef71a34411', '6605bd3734db70ef71a34412', '6605bd3734db70ef71a34413', '6605bd3734db70ef71a34414', '6605bd3834db70ef71a34415', '6605bd3834db70ef71a34416', '6605bd3834db70ef71a34417', '661d4b909503a17578718d9d', '661d5664738b554695c28e04', '661d5699ea01f0782518301e', '66266250ea01f07825183034', '6605bd3534db70ef71a3440c', '6629487fea01f0782518303b', '660d688beda4b1b5dc271b39'], 'narration': {'company_genre': 'm', 'company_name': 'Thiagos Hortifruti', 'company_slogan': '', 'number_narration': ''}, 'images': ['logo.png', 'dark-logo.png'], 'is_dev': True, 'has_logo': False, 'has_profile_logo': False, 'last_activity': datetime.datetime(2024, 11, 25, 17, 23, 51, 246000, tzinfo=FixedOffset(datetime.timedelta(0), 'UTC')), 'created_at': datetime.datetime(2024, 5, 26, 12, 44, 23, 45000, tzinfo=FixedOffset(datetime.timedelta(0), 'UTC')), 'logo_by_designer': False, 'prospector': {'name': 'Michelly', 'cellphone': '553584697723'}, 'agendor_funnel_stage': None, 'registered': True, 'crm': {'id': 40313132, 'deal_id': 27162014, 'funnel_id': None, 'funnel_stage': None}, 'colors': {'primary': None, 'secondary': None, 'tertiary': None}, 'is_tutorial': False, 'flow_state': None, 'id': '665f169147ee179c0954145a', 'synced': False}
2024-11-26 14:45:26,168 - root - INFO - Client ID: 665f169147ee179c0954145a
2024-11-26 14:45:27,438 - root - INFO - Arquivo image_3cd68c28-e21f-4cf4-8322-1e5ba49cb8e6.png enviado para o Firebase Storage.
2024-11-26 14:45:27,973 - root - INFO - URL pública gerada para image_3cd68c28-e21f-4cf4-8322-1e5ba49cb8e6.png: https://storage.googleapis.com/video-ai-bae31.appspot.com/prospection_BF/665f169147ee179c0954145a%20-%20b8fb2de3-3b70-4ce0-aa18-599d0b6631d0/image_3cd68c28-e21f-4cf4-8322-1e5ba49cb8e6.png
2024-11-26 14:45:28,179 - root - INFO - Client: {'_id': ObjectId('665f169147ee179c0954145a'), 'client': ['5511934662569', '553198929068'], 'main_client': '5511934662569', 'username': 'videoai-admin-thiagonoq', 'password': '$argon2id$v=19$m=65536,t=3,p=4$yr0qG9ecu34+gqaSnOMM8A$mUzhmTjvgoeeN+1bGfkmRJLeDzRv+zD5R8GFC0+ewwM', 'niche': 'hortifruti', 'database': 'hortifruti', 'purchase': {'type': 'paid', 'product_id': '54071', 'product_hash': None, 'use_limit': 19, 'end_date': datetime.datetime(2024, 8, 23, 0, 0, tzinfo=FixedOffset(datetime.timedelta(0), 'UTC')), 'start_trial': datetime.datetime(2024, 6, 11, 12, 10, 46, 238000, tzinfo=FixedOffset(datetime.timedelta(0), 'UTC')), 'free_trial_ended_date': None}, 'analytics': {'id': None, 'source': 'email'}, 'preferences': {'newsletter': True}, 'cta': {'recovery_user_register_first_message': False, 'recovery_user_register_trys': 0, 'recovery_user_register_response': False, 'received_arts': 25}, 'info': {'name': 'Thiagos Hortifruti', 'cellphone': '(31) 99892-9068', 'email': None, 'address': 'Av Oscar Caetano Gomes 1706 Santo Antônio São Francisco MG', 'instagram': '@saboresdaterrahortifruti', 'facebook': None, 'marketing': {'hashtags': []}, 'extra': {}}, 'options': {'style': {'bg-layer': {'effects': {'colorize': {'color': '#c9eeb1'}}}, 'color-primary': '#006805', 'color-secondary': '#e1ffcd', 'color-bg-primary': '#c9eeb1', 'color-bg-secondary': '#006805', 'color-bg-tertiary': '#3aa700'}}, 'templates': ['6605bd3134db70ef71a343fb', '6605bd3234db70ef71a343fc', '6605bd3234db70ef71a343fd', '6605bd3334db70ef71a343fe', '6605bd3334db70ef71a343ff', '6605bd3334db70ef71a34400', '6605bd3334db70ef71a34401', '6605bd3434db70ef71a34402', '6605bd3434db70ef71a34403', '6605bd3434db70ef71a34404', '6605bd3434db70ef71a34405', '6605bd3434db70ef71a34406', '6605bd3534db70ef71a34407', '6605bd3534db70ef71a34408', '6605bd3534db70ef71a34409', '6605bd3534db70ef71a3440a', '6605bd3534db70ef71a3440b', '6605bd3634db70ef71a3440d', '6605bd3634db70ef71a3440e', '6605bd3634db70ef71a3440f', '6605bd3634db70ef71a34410', '6605bd3734db70ef71a34411', '6605bd3734db70ef71a34412', '6605bd3734db70ef71a34413', '6605bd3734db70ef71a34414', '6605bd3834db70ef71a34415', '6605bd3834db70ef71a34416', '6605bd3834db70ef71a34417', '661d4b909503a17578718d9d', '661d5664738b554695c28e04', '661d5699ea01f0782518301e', '66266250ea01f07825183034', '6605bd3534db70ef71a3440c', '6629487fea01f0782518303b', '660d688beda4b1b5dc271b39'], 'narration': {'company_genre': 'm', 'company_name': 'Thiagos Hortifruti', 'company_slogan': '', 'number_narration': ''}, 'images': ['logo.png', 'dark-logo.png'], 'is_dev': True, 'has_logo': False, 'has_profile_logo': False, 'last_activity': datetime.datetime(2024, 11, 25, 17, 23, 51, 246000, tzinfo=FixedOffset(datetime.timedelta(0), 'UTC')), 'created_at': datetime.datetime(2024, 5, 26, 12, 44, 23, 45000, tzinfo=FixedOffset(datetime.timedelta(0), 'UTC')), 'logo_by_designer': False, 'prospector': {'name': 'Michelly', 'cellphone': '553584697723'}, 'agendor_funnel_stage': None, 'registered': True, 'crm': {'id': 40313132, 'deal_id': 27162014, 'funnel_id': None, 'funnel_stage': None}, 'colors': {'primary': None, 'secondary': None, 'tertiary': None}, 'is_tutorial': False, 'flow_state': None, 'id': '665f169147ee179c0954145a', 'synced': False}
2024-11-26 14:45:54,738 - root - INFO - Client ID: 665f169147ee179c0954145a
2024-11-26 14:45:55,989 - root - INFO - Arquivo image_c9682e59-31ea-4f3a-9611-ac511efc9432.png enviado para o Firebase Storage.
2024-11-26 14:45:56,568 - root - INFO - URL pública gerada para image_c9682e59-31ea-4f3a-9611-ac511efc9432.png: https://storage.googleapis.com/video-ai-bae31.appspot.com/prospection_BF/665f169147ee179c0954145a%20-%20ea89a685-7dd2-4b4a-84c5-fae1adfd0004/image_c9682e59-31ea-4f3a-9611-ac511efc9432.png
2024-11-26 14:45:56,804 - root - INFO - Client: {'_id': ObjectId('665f169147ee179c0954145a'), 'client': ['5511934662569', '553198929068'], 'main_client': '5511934662569', 'username': 'videoai-admin-thiagonoq', 'password': '$argon2id$v=19$m=65536,t=3,p=4$yr0qG9ecu34+gqaSnOMM8A$mUzhmTjvgoeeN+1bGfkmRJLeDzRv+zD5R8GFC0+ewwM', 'niche': 'hortifruti', 'database': 'hortifruti', 'purchase': {'type': 'paid', 'product_id': '54071', 'product_hash': None, 'use_limit': 19, 'end_date': datetime.datetime(2024, 8, 23, 0, 0, tzinfo=FixedOffset(datetime.timedelta(0), 'UTC')), 'start_trial': datetime.datetime(2024, 6, 11, 12, 10, 46, 238000, tzinfo=FixedOffset(datetime.timedelta(0), 'UTC')), 'free_trial_ended_date': None}, 'analytics': {'id': None, 'source': 'email'}, 'preferences': {'newsletter': True}, 'cta': {'recovery_user_register_first_message': False, 'recovery_user_register_trys': 0, 'recovery_user_register_response': False, 'received_arts': 25}, 'info': {'name': 'Thiagos Hortifruti', 'cellphone': '(31) 99892-9068', 'email': None, 'address': 'Av Oscar Caetano Gomes 1706 Santo Antônio São Francisco MG', 'instagram': '@saboresdaterrahortifruti', 'facebook': None, 'marketing': {'hashtags': []}, 'extra': {}}, 'options': {'style': {'bg-layer': {'effects': {'colorize': {'color': '#c9eeb1'}}}, 'color-primary': '#006805', 'color-secondary': '#e1ffcd', 'color-bg-primary': '#c9eeb1', 'color-bg-secondary': '#006805', 'color-bg-tertiary': '#3aa700'}}, 'templates': ['6605bd3134db70ef71a343fb', '6605bd3234db70ef71a343fc', '6605bd3234db70ef71a343fd', '6605bd3334db70ef71a343fe', '6605bd3334db70ef71a343ff', '6605bd3334db70ef71a34400', '6605bd3334db70ef71a34401', '6605bd3434db70ef71a34402', '6605bd3434db70ef71a34403', '6605bd3434db70ef71a34404', '6605bd3434db70ef71a34405', '6605bd3434db70ef71a34406', '6605bd3534db70ef71a34407', '6605bd3534db70ef71a34408', '6605bd3534db70ef71a34409', '6605bd3534db70ef71a3440a', '6605bd3534db70ef71a3440b', '6605bd3634db70ef71a3440d', '6605bd3634db70ef71a3440e', '6605bd3634db70ef71a3440f', '6605bd3634db70ef71a34410', '6605bd3734db70ef71a34411', '6605bd3734db70ef71a34412', '6605bd3734db70ef71a34413', '6605bd3734db70ef71a34414', '6605bd3834db70ef71a34415', '6605bd3834db70ef71a34416', '6605bd3834db70ef71a34417', '661d4b909503a17578718d9d', '661d5664738b554695c28e04', '661d5699ea01f0782518301e', '66266250ea01f07825183034', '6605bd3534db70ef71a3440c', '6629487fea01f0782518303b', '660d688beda4b1b5dc271b39'], 'narration': {'company_genre': 'm', 'company_name': 'Thiagos Hortifruti', 'company_slogan': '', 'number_narration': ''}, 'images': ['logo.png', 'dark-logo.png'], 'is_dev': True, 'has_logo': False, 'has_profile_logo': False, 'last_activity': datetime.datetime(2024, 11, 25, 17, 23, 51, 246000, tzinfo=FixedOffset(datetime.timedelta(0), 'UTC')), 'created_at': datetime.datetime(2024, 5, 26, 12, 44, 23, 45000, tzinfo=FixedOffset(datetime.timedelta(0), 'UTC')), 'logo_by_designer': False, 'prospector': {'name': 'Michelly', 'cellphone': '553584697723'}, 'agendor_funnel_stage': None, 'registered': True, 'crm': {'id': 40313132, 'deal_id': 27162014, 'funnel_id': None, 'funnel_stage': None}, 'colors': {'primary': None, 'secondary': None, 'tertiary': None}, 'is_tutorial': False, 'flow_state': None, 'id': '665f169147ee179c0954145a', 'synced': False}
2024-11-26 14:46:22,551 - root - INFO - Conectado ao MongoDB.
2024-11-26 14:46:27,722 - root - INFO - Conectado ao MongoDB.
2024-11-26 14:49:58,375 - root - INFO - Conectado ao MongoDB.
2024-11-26 14:52:32,641 - root - INFO - Conectado ao MongoDB.
2024-11-26 14:52:39,073 - root - INFO - Conectado ao MongoDB.
2024-11-26 14:53:32,010 - root - INFO - Aplicação Firebase inicializada com sucesso.
2024-11-26 14:53:32,010 - root - INFO - Client ID: 665f169147ee179c0954145a
2024-11-26 14:53:33,721 - root - INFO - Arquivo image_fb1e84ba-92af-44ab-87a5-5af2a2bc8388.png enviado para o Firebase Storage.
2024-11-26 14:53:34,276 - root - INFO - URL pública gerada para image_fb1e84ba-92af-44ab-87a5-5af2a2bc8388.png: https://storage.googleapis.com/video-ai-bae31.appspot.com/prospection_BF/665f169147ee179c0954145a%20-%20c47b2f17-36a9-4a7b-a30c-c2541e8c19f7/image_fb1e84ba-92af-44ab-87a5-5af2a2bc8388.png
2024-11-26 14:53:35,544 - root - INFO - Client: {'_id': ObjectId('665f169147ee179c0954145a'), 'client': ['5511934662569', '553198929068'], 'main_client': '5511934662569', 'username': 'videoai-admin-thiagonoq', 'password': '$argon2id$v=19$m=65536,t=3,p=4$yr0qG9ecu34+gqaSnOMM8A$mUzhmTjvgoeeN+1bGfkmRJLeDzRv+zD5R8GFC0+ewwM', 'niche': 'hortifruti', 'database': 'hortifruti', 'purchase': {'type': 'paid', 'product_id': '54071', 'product_hash': None, 'use_limit': 19, 'end_date': datetime.datetime(2024, 8, 23, 0, 0, tzinfo=FixedOffset(datetime.timedelta(0), 'UTC')), 'start_trial': datetime.datetime(2024, 6, 11, 12, 10, 46, 238000, tzinfo=FixedOffset(datetime.timedelta(0), 'UTC')), 'free_trial_ended_date': None}, 'analytics': {'id': None, 'source': 'email'}, 'preferences': {'newsletter': True}, 'cta': {'recovery_user_register_first_message': False, 'recovery_user_register_trys': 0, 'recovery_user_register_response': False, 'received_arts': 25}, 'info': {'name': 'Thiagos Hortifruti', 'cellphone': '(31) 99892-9068', 'email': None, 'address': 'Av Oscar Caetano Gomes 1706 Santo Antônio São Francisco MG', 'instagram': '@saboresdaterrahortifruti', 'facebook': None, 'marketing': {'hashtags': []}, 'extra': {}}, 'options': {'style': {'bg-layer': {'effects': {'colorize': {'color': '#c9eeb1'}}}, 'color-primary': '#006805', 'color-secondary': '#e1ffcd', 'color-bg-primary': '#c9eeb1', 'color-bg-secondary': '#006805', 'color-bg-tertiary': '#3aa700'}}, 'templates': ['6605bd3134db70ef71a343fb', '6605bd3234db70ef71a343fc', '6605bd3234db70ef71a343fd', '6605bd3334db70ef71a343fe', '6605bd3334db70ef71a343ff', '6605bd3334db70ef71a34400', '6605bd3334db70ef71a34401', '6605bd3434db70ef71a34402', '6605bd3434db70ef71a34403', '6605bd3434db70ef71a34404', '6605bd3434db70ef71a34405', '6605bd3434db70ef71a34406', '6605bd3534db70ef71a34407', '6605bd3534db70ef71a34408', '6605bd3534db70ef71a34409', '6605bd3534db70ef71a3440a', '6605bd3534db70ef71a3440b', '6605bd3634db70ef71a3440d', '6605bd3634db70ef71a3440e', '6605bd3634db70ef71a3440f', '6605bd3634db70ef71a34410', '6605bd3734db70ef71a34411', '6605bd3734db70ef71a34412', '6605bd3734db70ef71a34413', '6605bd3734db70ef71a34414', '6605bd3834db70ef71a34415', '6605bd3834db70ef71a34416', '6605bd3834db70ef71a34417', '661d4b909503a17578718d9d', '661d5664738b554695c28e04', '661d5699ea01f0782518301e', '66266250ea01f07825183034', '6605bd3534db70ef71a3440c', '6629487fea01f0782518303b', '660d688beda4b1b5dc271b39'], 'narration': {'company_genre': 'm', 'company_name': 'Thiagos Hortifruti', 'company_slogan': '', 'number_narration': ''}, 'images': ['logo.png', 'dark-logo.png'], 'is_dev': True, 'has_logo': False, 'has_profile_logo': False, 'last_activity': datetime.datetime(2024, 11, 25, 17, 23, 51, 246000, tzinfo=FixedOffset(datetime.timedelta(0), 'UTC')), 'created_at': datetime.datetime(2024, 5, 26, 12, 44, 23, 45000, tzinfo=FixedOffset(datetime.timedelta(0), 'UTC')), 'logo_by_designer': False, 'prospector': {'name': 'Michelly', 'cellphone': '553584697723'}, 'agendor_funnel_stage': None, 'registered': True, 'crm': {'id': 40313132, 'deal_id': 27162014, 'funnel_id': None, 'funnel_stage': None}, 'colors': {'primary': None, 'secondary': None, 'tertiary': None}, 'is_tutorial': False, 'flow_state': None, 'id': '665f169147ee179c0954145a', 'synced': False}
2024-11-26 14:53:35,946 - root - ERROR - Erro ao atualizar um documento no MongoDB: update only works with $ operators
2024-11-26 14:54:52,474 - root - INFO - Conectado ao MongoDB.
2024-11-26 14:55:12,235 - root - INFO - Conectado ao MongoDB.
2024-11-26 14:56:15,223 - root - INFO - Conectado ao MongoDB.
2024-11-26 15:00:39,613 - root - INFO - Conectado ao MongoDB.
2024-11-26 15:00:52,040 - root - INFO - Conectado ao MongoDB.
2024-11-26 15:01:22,869 - root - INFO - Aplicação Firebase inicializada com sucesso.
2024-11-26 15:01:22,870 - root - INFO - Client ID: 665f169147ee179c0954145a
2024-11-26 15:01:24,509 - root - INFO - Arquivo image_2cc2a5c0-12b9-4463-8669-f8c3b7397c64.png enviado para o Firebase Storage.
2024-11-26 15:01:25,047 - root - INFO - URL pública gerada para image_2cc2a5c0-12b9-4463-8669-f8c3b7397c64.png: https://storage.googleapis.com/video-ai-bae31.appspot.com/prospection_BF/665f169147ee179c0954145a%20-%20087426f7-dc2e-4c8f-b0ec-555aa785ad21/image_2cc2a5c0-12b9-4463-8669-f8c3b7397c64.png
2024-11-26 15:01:26,354 - root - INFO - Client: {'_id': ObjectId('665f169147ee179c0954145a'), 'client': ['5511934662569', '553198929068'], 'main_client': '5511934662569', 'username': 'videoai-admin-thiagonoq', 'password': '$argon2id$v=19$m=65536,t=3,p=4$yr0qG9ecu34+gqaSnOMM8A$mUzhmTjvgoeeN+1bGfkmRJLeDzRv+zD5R8GFC0+ewwM', 'niche': 'hortifruti', 'database': 'hortifruti', 'purchase': {'type': 'paid', 'product_id': '54071', 'product_hash': None, 'use_limit': 19, 'end_date': datetime.datetime(2024, 8, 23, 0, 0, tzinfo=FixedOffset(datetime.timedelta(0), 'UTC')), 'start_trial': datetime.datetime(2024, 6, 11, 12, 10, 46, 238000, tzinfo=FixedOffset(datetime.timedelta(0), 'UTC')), 'free_trial_ended_date': None}, 'analytics': {'id': None, 'source': 'email'}, 'preferences': {'newsletter': True}, 'cta': {'recovery_user_register_first_message': False, 'recovery_user_register_trys': 0, 'recovery_user_register_response': False, 'received_arts': 25}, 'info': {'name': 'Thiagos Hortifruti', 'cellphone': '(31) 99892-9068', 'email': None, 'address': 'Av Oscar Caetano Gomes 1706 Santo Antônio São Francisco MG', 'instagram': '@saboresdaterrahortifruti', 'facebook': None, 'marketing': {'hashtags': []}, 'extra': {}}, 'options': {'style': {'bg-layer': {'effects': {'colorize': {'color': '#c9eeb1'}}}, 'color-primary': '#006805', 'color-secondary': '#e1ffcd', 'color-bg-primary': '#c9eeb1', 'color-bg-secondary': '#006805', 'color-bg-tertiary': '#3aa700'}}, 'templates': ['6605bd3134db70ef71a343fb', '6605bd3234db70ef71a343fc', '6605bd3234db70ef71a343fd', '6605bd3334db70ef71a343fe', '6605bd3334db70ef71a343ff', '6605bd3334db70ef71a34400', '6605bd3334db70ef71a34401', '6605bd3434db70ef71a34402', '6605bd3434db70ef71a34403', '6605bd3434db70ef71a34404', '6605bd3434db70ef71a34405', '6605bd3434db70ef71a34406', '6605bd3534db70ef71a34407', '6605bd3534db70ef71a34408', '6605bd3534db70ef71a34409', '6605bd3534db70ef71a3440a', '6605bd3534db70ef71a3440b', '6605bd3634db70ef71a3440d', '6605bd3634db70ef71a3440e', '6605bd3634db70ef71a3440f', '6605bd3634db70ef71a34410', '6605bd3734db70ef71a34411', '6605bd3734db70ef71a34412', '6605bd3734db70ef71a34413', '6605bd3734db70ef71a34414', '6605bd3834db70ef71a34415', '6605bd3834db70ef71a34416', '6605bd3834db70ef71a34417', '661d4b909503a17578718d9d', '661d5664738b554695c28e04', '661d5699ea01f0782518301e', '66266250ea01f07825183034', '6605bd3534db70ef71a3440c', '6629487fea01f0782518303b', '660d688beda4b1b5dc271b39'], 'narration': {'company_genre': 'm', 'company_name': 'Thiagos Hortifruti', 'company_slogan': '', 'number_narration': ''}, 'images': ['logo.png', 'dark-logo.png'], 'is_dev': True, 'has_logo': False, 'has_profile_logo': False, 'last_activity': datetime.datetime(2024, 11, 25, 17, 23, 51, 246000, tzinfo=FixedOffset(datetime.timedelta(0), 'UTC')), 'created_at': datetime.datetime(2024, 5, 26, 12, 44, 23, 45000, tzinfo=FixedOffset(datetime.timedelta(0), 'UTC')), 'logo_by_designer': False, 'prospector': {'name': 'Michelly', 'cellphone': '553584697723'}, 'agendor_funnel_stage': None, 'registered': True, 'crm': {'id': 40313132, 'deal_id': 27162014, 'funnel_id': None, 'funnel_stage': None}, 'colors': {'primary': None, 'secondary': None, 'tertiary': None}, 'is_tutorial': False, 'flow_state': None, 'id': '665f169147ee179c0954145a', 'synced': False}
2024-11-26 15:07:15,277 - root - INFO - Conectado ao MongoDB.
2024-11-26 15:07:27,244 - root - INFO - Conectado ao MongoDB.
2024-11-26 15:09:02,036 - root - INFO - Conectado ao MongoDB.
2024-11-26 15:11:21,582 - root - INFO - Conectado ao MongoDB.
2024-11-26 15:12:45,713 - root - INFO - Aplicação Firebase inicializada com sucesso.
2024-11-26 15:12:45,713 - root - INFO - Client ID: 665f169147ee179c0954145a
2024-11-26 15:12:47,418 - root - INFO - Arquivo image_09356d4b-4e48-4f5b-a42c-39b3aa213b75.png enviado para o Firebase Storage.
2024-11-26 15:12:47,946 - root - INFO - URL pública gerada para image_09356d4b-4e48-4f5b-a42c-39b3aa213b75.png: https://storage.googleapis.com/video-ai-bae31.appspot.com/prospection_BF/665f169147ee179c0954145a%20-%20836a8023-79c3-45e1-b32f-5b98b42a2d78/image_09356d4b-4e48-4f5b-a42c-39b3aa213b75.png
2024-11-26 15:12:49,449 - root - INFO - Client: {'_id': ObjectId('665f169147ee179c0954145a'), 'client': ['5511934662569', '553198929068'], 'main_client': '5511934662569', 'username': 'videoai-admin-thiagonoq', 'password': '$argon2id$v=19$m=65536,t=3,p=4$yr0qG9ecu34+gqaSnOMM8A$mUzhmTjvgoeeN+1bGfkmRJLeDzRv+zD5R8GFC0+ewwM', 'niche': 'hortifruti', 'database': 'hortifruti', 'purchase': {'type': 'paid', 'product_id': '54071', 'product_hash': None, 'use_limit': 19, 'end_date': datetime.datetime(2024, 8, 23, 0, 0, tzinfo=FixedOffset(datetime.timedelta(0), 'UTC')), 'start_trial': datetime.datetime(2024, 6, 11, 12, 10, 46, 238000, tzinfo=FixedOffset(datetime.timedelta(0), 'UTC')), 'free_trial_ended_date': None}, 'analytics': {'id': None, 'source': 'email'}, 'preferences': {'newsletter': True}, 'cta': {'recovery_user_register_first_message': False, 'recovery_user_register_trys': 0, 'recovery_user_register_response': False, 'received_arts': 25}, 'info': {'name': 'Thiagos Hortifruti', 'cellphone': '(31) 99892-9068', 'email': None, 'address': 'Av Oscar Caetano Gomes 1706 Santo Antônio São Francisco MG', 'instagram': '@saboresdaterrahortifruti', 'facebook': None, 'marketing': {'hashtags': []}, 'extra': {}}, 'options': {'style': {'bg-layer': {'effects': {'colorize': {'color': '#c9eeb1'}}}, 'color-primary': '#006805', 'color-secondary': '#e1ffcd', 'color-bg-primary': '#c9eeb1', 'color-bg-secondary': '#006805', 'color-bg-tertiary': '#3aa700'}}, 'templates': ['6605bd3134db70ef71a343fb', '6605bd3234db70ef71a343fc', '6605bd3234db70ef71a343fd', '6605bd3334db70ef71a343fe', '6605bd3334db70ef71a343ff', '6605bd3334db70ef71a34400', '6605bd3334db70ef71a34401', '6605bd3434db70ef71a34402', '6605bd3434db70ef71a34403', '6605bd3434db70ef71a34404', '6605bd3434db70ef71a34405', '6605bd3434db70ef71a34406', '6605bd3534db70ef71a34407', '6605bd3534db70ef71a34408', '6605bd3534db70ef71a34409', '6605bd3534db70ef71a3440a', '6605bd3534db70ef71a3440b', '6605bd3634db70ef71a3440d', '6605bd3634db70ef71a3440e', '6605bd3634db70ef71a3440f', '6605bd3634db70ef71a34410', '6605bd3734db70ef71a34411', '6605bd3734db70ef71a34412', '6605bd3734db70ef71a34413', '6605bd3734db70ef71a34414', '6605bd3834db70ef71a34415', '6605bd3834db70ef71a34416', '6605bd3834db70ef71a34417', '661d4b909503a17578718d9d', '661d5664738b554695c28e04', '661d5699ea01f0782518301e', '66266250ea01f07825183034', '6605bd3534db70ef71a3440c', '6629487fea01f0782518303b', '660d688beda4b1b5dc271b39'], 'narration': {'company_genre': 'm', 'company_name': 'Thiagos Hortifruti', 'company_slogan': '', 'number_narration': ''}, 'images': ['logo.png', 'dark-logo.png'], 'is_dev': True, 'has_logo': False, 'has_profile_logo': False, 'last_activity': datetime.datetime(2024, 11, 25, 17, 23, 51, 246000, tzinfo=FixedOffset(datetime.timedelta(0), 'UTC')), 'created_at': datetime.datetime(2024, 5, 26, 12, 44, 23, 45000, tzinfo=FixedOffset(datetime.timedelta(0), 'UTC')), 'logo_by_designer': False, 'prospector': {'name': 'Michelly', 'cellphone': '553584697723'}, 'agendor_funnel_stage': None, 'registered': True, 'crm': {'id': 40313132, 'deal_id': 27162014, 'funnel_id': None, 'funnel_stage': None}, 'colors': {'primary': None, 'secondary': None, 'tertiary': None}, 'is_tutorial': False, 'flow_state': None, 'id': '665f169147ee179c0954145a', 'synced': False}
2024-11-26 15:12:56,746 - root - INFO - Client ID: 665f169147ee179c0954145a
2024-11-26 15:12:57,963 - root - INFO - Arquivo image_3be36673-3c27-4ea9-a2e0-1e6f9c4a00fd.png enviado para o Firebase Storage.
2024-11-26 15:12:58,524 - root - INFO - URL pública gerada para image_3be36673-3c27-4ea9-a2e0-1e6f9c4a00fd.png: https://storage.googleapis.com/video-ai-bae31.appspot.com/prospection_BF/665f169147ee179c0954145a%20-%206b4c8cea-c072-4d14-9962-07a6008c0646/image_3be36673-3c27-4ea9-a2e0-1e6f9c4a00fd.png
2024-11-26 15:12:58,730 - root - INFO - Client: {'_id': ObjectId('665f169147ee179c0954145a'), 'client': ['5511934662569', '553198929068'], 'main_client': '5511934662569', 'username': 'videoai-admin-thiagonoq', 'password': '$argon2id$v=19$m=65536,t=3,p=4$yr0qG9ecu34+gqaSnOMM8A$mUzhmTjvgoeeN+1bGfkmRJLeDzRv+zD5R8GFC0+ewwM', 'niche': 'hortifruti', 'database': 'hortifruti', 'purchase': {'type': 'paid', 'product_id': '54071', 'product_hash': None, 'use_limit': 19, 'end_date': datetime.datetime(2024, 8, 23, 0, 0, tzinfo=FixedOffset(datetime.timedelta(0), 'UTC')), 'start_trial': datetime.datetime(2024, 6, 11, 12, 10, 46, 238000, tzinfo=FixedOffset(datetime.timedelta(0), 'UTC')), 'free_trial_ended_date': None}, 'analytics': {'id': None, 'source': 'email'}, 'preferences': {'newsletter': True}, 'cta': {'recovery_user_register_first_message': False, 'recovery_user_register_trys': 0, 'recovery_user_register_response': False, 'received_arts': 25}, 'info': {'name': 'Thiagos Hortifruti', 'cellphone': '(31) 99892-9068', 'email': None, 'address': 'Av Oscar Caetano Gomes 1706 Santo Antônio São Francisco MG', 'instagram': '@saboresdaterrahortifruti', 'facebook': None, 'marketing': {'hashtags': []}, 'extra': {}}, 'options': {'style': {'bg-layer': {'effects': {'colorize': {'color': '#c9eeb1'}}}, 'color-primary': '#006805', 'color-secondary': '#e1ffcd', 'color-bg-primary': '#c9eeb1', 'color-bg-secondary': '#006805', 'color-bg-tertiary': '#3aa700'}}, 'templates': ['6605bd3134db70ef71a343fb', '6605bd3234db70ef71a343fc', '6605bd3234db70ef71a343fd', '6605bd3334db70ef71a343fe', '6605bd3334db70ef71a343ff', '6605bd3334db70ef71a34400', '6605bd3334db70ef71a34401', '6605bd3434db70ef71a34402', '6605bd3434db70ef71a34403', '6605bd3434db70ef71a34404', '6605bd3434db70ef71a34405', '6605bd3434db70ef71a34406', '6605bd3534db70ef71a34407', '6605bd3534db70ef71a34408', '6605bd3534db70ef71a34409', '6605bd3534db70ef71a3440a', '6605bd3534db70ef71a3440b', '6605bd3634db70ef71a3440d', '6605bd3634db70ef71a3440e', '6605bd3634db70ef71a3440f', '6605bd3634db70ef71a34410', '6605bd3734db70ef71a34411', '6605bd3734db70ef71a34412', '6605bd3734db70ef71a34413', '6605bd3734db70ef71a34414', '6605bd3834db70ef71a34415', '6605bd3834db70ef71a34416', '6605bd3834db70ef71a34417', '661d4b909503a17578718d9d', '661d5664738b554695c28e04', '661d5699ea01f0782518301e', '66266250ea01f07825183034', '6605bd3534db70ef71a3440c', '6629487fea01f0782518303b', '660d688beda4b1b5dc271b39'], 'narration': {'company_genre': 'm', 'company_name': 'Thiagos Hortifruti', 'company_slogan': '', 'number_narration': ''}, 'images': ['logo.png', 'dark-logo.png'], 'is_dev': True, 'has_logo': False, 'has_profile_logo': False, 'last_activity': datetime.datetime(2024, 11, 25, 17, 23, 51, 246000, tzinfo=FixedOffset(datetime.timedelta(0), 'UTC')), 'created_at': datetime.datetime(2024, 5, 26, 12, 44, 23, 45000, tzinfo=FixedOffset(datetime.timedelta(0), 'UTC')), 'logo_by_designer': False, 'prospector': {'name': 'Michelly', 'cellphone': '553584697723'}, 'agendor_funnel_stage': None, 'registered': True, 'crm': {'id': 40313132, 'deal_id': 27162014, 'funnel_id': None, 'funnel_stage': None}, 'colors': {'primary': None, 'secondary': None, 'tertiary': None}, 'is_tutorial': False, 'flow_state': None, 'id': '665f169147ee179c0954145a', 'synced': False}
2024-11-26 15:13:06,467 - root - INFO - Client ID: 665f169147ee179c0954145a
2024-11-26 15:13:07,776 - root - INFO - Arquivo image_f8aa82a4-008d-4b57-a644-cd159939355f.png enviado para o Firebase Storage.
2024-11-26 15:13:08,314 - root - INFO - URL pública gerada para image_f8aa82a4-008d-4b57-a644-cd159939355f.png: https://storage.googleapis.com/video-ai-bae31.appspot.com/prospection_BF/665f169147ee179c0954145a%20-%20bb5cb474-116d-4002-b857-3a7096a65cdf/image_f8aa82a4-008d-4b57-a644-cd159939355f.png
2024-11-26 15:13:08,520 - root - INFO - Client: {'_id': ObjectId('665f169147ee179c0954145a'), 'client': ['5511934662569', '553198929068'], 'main_client': '5511934662569', 'username': 'videoai-admin-thiagonoq', 'password': '$argon2id$v=19$m=65536,t=3,p=4$yr0qG9ecu34+gqaSnOMM8A$mUzhmTjvgoeeN+1bGfkmRJLeDzRv+zD5R8GFC0+ewwM', 'niche': 'hortifruti', 'database': 'hortifruti', 'purchase': {'type': 'paid', 'product_id': '54071', 'product_hash': None, 'use_limit': 19, 'end_date': datetime.datetime(2024, 8, 23, 0, 0, tzinfo=FixedOffset(datetime.timedelta(0), 'UTC')), 'start_trial': datetime.datetime(2024, 6, 11, 12, 10, 46, 238000, tzinfo=FixedOffset(datetime.timedelta(0), 'UTC')), 'free_trial_ended_date': None}, 'analytics': {'id': None, 'source': 'email'}, 'preferences': {'newsletter': True}, 'cta': {'recovery_user_register_first_message': False, 'recovery_user_register_trys': 0, 'recovery_user_register_response': False, 'received_arts': 25}, 'info': {'name': 'Thiagos Hortifruti', 'cellphone': '(31) 99892-9068', 'email': None, 'address': 'Av Oscar Caetano Gomes 1706 Santo Antônio São Francisco MG', 'instagram': '@saboresdaterrahortifruti', 'facebook': None, 'marketing': {'hashtags': []}, 'extra': {}}, 'options': {'style': {'bg-layer': {'effects': {'colorize': {'color': '#c9eeb1'}}}, 'color-primary': '#006805', 'color-secondary': '#e1ffcd', 'color-bg-primary': '#c9eeb1', 'color-bg-secondary': '#006805', 'color-bg-tertiary': '#3aa700'}}, 'templates': ['6605bd3134db70ef71a343fb', '6605bd3234db70ef71a343fc', '6605bd3234db70ef71a343fd', '6605bd3334db70ef71a343fe', '6605bd3334db70ef71a343ff', '6605bd3334db70ef71a34400', '6605bd3334db70ef71a34401', '6605bd3434db70ef71a34402', '6605bd3434db70ef71a34403', '6605bd3434db70ef71a34404', '6605bd3434db70ef71a34405', '6605bd3434db70ef71a34406', '6605bd3534db70ef71a34407', '6605bd3534db70ef71a34408', '6605bd3534db70ef71a34409', '6605bd3534db70ef71a3440a', '6605bd3534db70ef71a3440b', '6605bd3634db70ef71a3440d', '6605bd3634db70ef71a3440e', '6605bd3634db70ef71a3440f', '6605bd3634db70ef71a34410', '6605bd3734db70ef71a34411', '6605bd3734db70ef71a34412', '6605bd3734db70ef71a34413', '6605bd3734db70ef71a34414', '6605bd3834db70ef71a34415', '6605bd3834db70ef71a34416', '6605bd3834db70ef71a34417', '661d4b909503a17578718d9d', '661d5664738b554695c28e04', '661d5699ea01f0782518301e', '66266250ea01f07825183034', '6605bd3534db70ef71a3440c', '6629487fea01f0782518303b', '660d688beda4b1b5dc271b39'], 'narration': {'company_genre': 'm', 'company_name': 'Thiagos Hortifruti', 'company_slogan': '', 'number_narration': ''}, 'images': ['logo.png', 'dark-logo.png'], 'is_dev': True, 'has_logo': False, 'has_profile_logo': False, 'last_activity': datetime.datetime(2024, 11, 25, 17, 23, 51, 246000, tzinfo=FixedOffset(datetime.timedelta(0), 'UTC')), 'created_at': datetime.datetime(2024, 5, 26, 12, 44, 23, 45000, tzinfo=FixedOffset(datetime.timedelta(0), 'UTC')), 'logo_by_designer': False, 'prospector': {'name': 'Michelly', 'cellphone': '553584697723'}, 'agendor_funnel_stage': None, 'registered': True, 'crm': {'id': 40313132, 'deal_id': 27162014, 'funnel_id': None, 'funnel_stage': None}, 'colors': {'primary': None, 'secondary': None, 'tertiary': None}, 'is_tutorial': False, 'flow_state': None, 'id': '665f169147ee179c0954145a', 'synced': False}
2024-11-26 15:13:15,324 - root - INFO - Client ID: 665f169147ee179c0954145a
2024-11-26 15:13:16,534 - root - INFO - Arquivo image_0e46e361-4f14-4c29-9b11-f528a02cb6af.png enviado para o Firebase Storage.
2024-11-26 15:13:17,083 - root - INFO - URL pública gerada para image_0e46e361-4f14-4c29-9b11-f528a02cb6af.png: https://storage.googleapis.com/video-ai-bae31.appspot.com/prospection_BF/665f169147ee179c0954145a%20-%20c67e86cc-af26-4e80-9871-c5c28fd759ba/image_0e46e361-4f14-4c29-9b11-f528a02cb6af.png
2024-11-26 15:13:17,288 - root - INFO - Client: {'_id': ObjectId('665f169147ee179c0954145a'), 'client': ['5511934662569', '553198929068'], 'main_client': '5511934662569', 'username': 'videoai-admin-thiagonoq', 'password': '$argon2id$v=19$m=65536,t=3,p=4$yr0qG9ecu34+gqaSnOMM8A$mUzhmTjvgoeeN+1bGfkmRJLeDzRv+zD5R8GFC0+ewwM', 'niche': 'hortifruti', 'database': 'hortifruti', 'purchase': {'type': 'paid', 'product_id': '54071', 'product_hash': None, 'use_limit': 19, 'end_date': datetime.datetime(2024, 8, 23, 0, 0, tzinfo=FixedOffset(datetime.timedelta(0), 'UTC')), 'start_trial': datetime.datetime(2024, 6, 11, 12, 10, 46, 238000, tzinfo=FixedOffset(datetime.timedelta(0), 'UTC')), 'free_trial_ended_date': None}, 'analytics': {'id': None, 'source': 'email'}, 'preferences': {'newsletter': True}, 'cta': {'recovery_user_register_first_message': False, 'recovery_user_register_trys': 0, 'recovery_user_register_response': False, 'received_arts': 25}, 'info': {'name': 'Thiagos Hortifruti', 'cellphone': '(31) 99892-9068', 'email': None, 'address': 'Av Oscar Caetano Gomes 1706 Santo Antônio São Francisco MG', 'instagram': '@saboresdaterrahortifruti', 'facebook': None, 'marketing': {'hashtags': []}, 'extra': {}}, 'options': {'style': {'bg-layer': {'effects': {'colorize': {'color': '#c9eeb1'}}}, 'color-primary': '#006805', 'color-secondary': '#e1ffcd', 'color-bg-primary': '#c9eeb1', 'color-bg-secondary': '#006805', 'color-bg-tertiary': '#3aa700'}}, 'templates': ['6605bd3134db70ef71a343fb', '6605bd3234db70ef71a343fc', '6605bd3234db70ef71a343fd', '6605bd3334db70ef71a343fe', '6605bd3334db70ef71a343ff', '6605bd3334db70ef71a34400', '6605bd3334db70ef71a34401', '6605bd3434db70ef71a34402', '6605bd3434db70ef71a34403', '6605bd3434db70ef71a34404', '6605bd3434db70ef71a34405', '6605bd3434db70ef71a34406', '6605bd3534db70ef71a34407', '6605bd3534db70ef71a34408', '6605bd3534db70ef71a34409', '6605bd3534db70ef71a3440a', '6605bd3534db70ef71a3440b', '6605bd3634db70ef71a3440d', '6605bd3634db70ef71a3440e', '6605bd3634db70ef71a3440f', '6605bd3634db70ef71a34410', '6605bd3734db70ef71a34411', '6605bd3734db70ef71a34412', '6605bd3734db70ef71a34413', '6605bd3734db70ef71a34414', '6605bd3834db70ef71a34415', '6605bd3834db70ef71a34416', '6605bd3834db70ef71a34417', '661d4b909503a17578718d9d', '661d5664738b554695c28e04', '661d5699ea01f0782518301e', '66266250ea01f07825183034', '6605bd3534db70ef71a3440c', '6629487fea01f0782518303b', '660d688beda4b1b5dc271b39'], 'narration': {'company_genre': 'm', 'company_name': 'Thiagos Hortifruti', 'company_slogan': '', 'number_narration': ''}, 'images': ['logo.png', 'dark-logo.png'], 'is_dev': True, 'has_logo': False, 'has_profile_logo': False, 'last_activity': datetime.datetime(2024, 11, 25, 17, 23, 51, 246000, tzinfo=FixedOffset(datetime.timedelta(0), 'UTC')), 'created_at': datetime.datetime(2024, 5, 26, 12, 44, 23, 45000, tzinfo=FixedOffset(datetime.timedelta(0), 'UTC')), 'logo_by_designer': False, 'prospector': {'name': 'Michelly', 'cellphone': '553584697723'}, 'agendor_funnel_stage': None, 'registered': True, 'crm': {'id': 40313132, 'deal_id': 27162014, 'funnel_id': None, 'funnel_stage': None}, 'colors': {'primary': None, 'secondary': None, 'tertiary': None}, 'is_tutorial': False, 'flow_state': None, 'id': '665f169147ee179c0954145a', 'synced': False}
2024-11-26 15:14:44,016 - root - INFO - Client ID: 665f169147ee179c0954145a
2024-11-26 15:14:45,261 - root - INFO - Arquivo image_cabcece5-adc3-4883-95e0-b6cff0f09e04.png enviado para o Firebase Storage.
2024-11-26 15:14:45,792 - root - INFO - URL pública gerada para image_cabcece5-adc3-4883-95e0-b6cff0f09e04.png: https://storage.googleapis.com/video-ai-bae31.appspot.com/prospection_BF/665f169147ee179c0954145a%20-%20076285b3-ca7a-4ce3-8b18-c31833883905/image_cabcece5-adc3-4883-95e0-b6cff0f09e04.png
2024-11-26 15:14:45,997 - root - INFO - Client: {'_id': ObjectId('665f169147ee179c0954145a'), 'client': ['5511934662569', '553198929068'], 'main_client': '5511934662569', 'username': 'videoai-admin-thiagonoq', 'password': '$argon2id$v=19$m=65536,t=3,p=4$yr0qG9ecu34+gqaSnOMM8A$mUzhmTjvgoeeN+1bGfkmRJLeDzRv+zD5R8GFC0+ewwM', 'niche': 'hortifruti', 'database': 'hortifruti', 'purchase': {'type': 'paid', 'product_id': '54071', 'product_hash': None, 'use_limit': 19, 'end_date': datetime.datetime(2024, 8, 23, 0, 0, tzinfo=FixedOffset(datetime.timedelta(0), 'UTC')), 'start_trial': datetime.datetime(2024, 6, 11, 12, 10, 46, 238000, tzinfo=FixedOffset(datetime.timedelta(0), 'UTC')), 'free_trial_ended_date': None}, 'analytics': {'id': None, 'source': 'email'}, 'preferences': {'newsletter': True}, 'cta': {'recovery_user_register_first_message': False, 'recovery_user_register_trys': 0, 'recovery_user_register_response': False, 'received_arts': 25}, 'info': {'name': 'Thiagos Hortifruti', 'cellphone': '(31) 99892-9068', 'email': None, 'address': 'Av Oscar Caetano Gomes 1706 Santo Antônio São Francisco MG', 'instagram': '@saboresdaterrahortifruti', 'facebook': None, 'marketing': {'hashtags': []}, 'extra': {}}, 'options': {'style': {'bg-layer': {'effects': {'colorize': {'color': '#c9eeb1'}}}, 'color-primary': '#006805', 'color-secondary': '#e1ffcd', 'color-bg-primary': '#c9eeb1', 'color-bg-secondary': '#006805', 'color-bg-tertiary': '#3aa700'}}, 'templates': ['6605bd3134db70ef71a343fb', '6605bd3234db70ef71a343fc', '6605bd3234db70ef71a343fd', '6605bd3334db70ef71a343fe', '6605bd3334db70ef71a343ff', '6605bd3334db70ef71a34400', '6605bd3334db70ef71a34401', '6605bd3434db70ef71a34402', '6605bd3434db70ef71a34403', '6605bd3434db70ef71a34404', '6605bd3434db70ef71a34405', '6605bd3434db70ef71a34406', '6605bd3534db70ef71a34407', '6605bd3534db70ef71a34408', '6605bd3534db70ef71a34409', '6605bd3534db70ef71a3440a', '6605bd3534db70ef71a3440b', '6605bd3634db70ef71a3440d', '6605bd3634db70ef71a3440e', '6605bd3634db70ef71a3440f', '6605bd3634db70ef71a34410', '6605bd3734db70ef71a34411', '6605bd3734db70ef71a34412', '6605bd3734db70ef71a34413', '6605bd3734db70ef71a34414', '6605bd3834db70ef71a34415', '6605bd3834db70ef71a34416', '6605bd3834db70ef71a34417', '661d4b909503a17578718d9d', '661d5664738b554695c28e04', '661d5699ea01f0782518301e', '66266250ea01f07825183034', '6605bd3534db70ef71a3440c', '6629487fea01f0782518303b', '660d688beda4b1b5dc271b39'], 'narration': {'company_genre': 'm', 'company_name': 'Thiagos Hortifruti', 'company_slogan': '', 'number_narration': ''}, 'images': ['logo.png', 'dark-logo.png'], 'is_dev': True, 'has_logo': False, 'has_profile_logo': False, 'last_activity': datetime.datetime(2024, 11, 25, 17, 23, 51, 246000, tzinfo=FixedOffset(datetime.timedelta(0), 'UTC')), 'created_at': datetime.datetime(2024, 5, 26, 12, 44, 23, 45000, tzinfo=FixedOffset(datetime.timedelta(0), 'UTC')), 'logo_by_designer': False, 'prospector': {'name': 'Michelly', 'cellphone': '553584697723'}, 'agendor_funnel_stage': None, 'registered': True, 'crm': {'id': 40313132, 'deal_id': 27162014, 'funnel_id': None, 'funnel_stage': None}, 'colors': {'primary': None, 'secondary': None, 'tertiary': None}, 'is_tutorial': False, 'flow_state': None, 'id': '665f169147ee179c0954145a', 'synced': False}
2024-11-26 15:14:53,113 - root - INFO - Client ID: 665f169147ee179c0954145a
2024-11-26 15:14:54,336 - root - INFO - Arquivo image_02d2673f-6f9c-4550-bcbc-8963f844c03e.png enviado para o Firebase Storage.
2024-11-26 15:14:54,855 - root - INFO - URL pública gerada para image_02d2673f-6f9c-4550-bcbc-8963f844c03e.png: https://storage.googleapis.com/video-ai-bae31.appspot.com/prospection_BF/665f169147ee179c0954145a%20-%209a76ed58-fab8-4296-aa55-1ec4724155c3/image_02d2673f-6f9c-4550-bcbc-8963f844c03e.png
2024-11-26 15:14:55,061 - root - INFO - Client: {'_id': ObjectId('665f169147ee179c0954145a'), 'client': ['5511934662569', '553198929068'], 'main_client': '5511934662569', 'username': 'videoai-admin-thiagonoq', 'password': '$argon2id$v=19$m=65536,t=3,p=4$yr0qG9ecu34+gqaSnOMM8A$mUzhmTjvgoeeN+1bGfkmRJLeDzRv+zD5R8GFC0+ewwM', 'niche': 'hortifruti', 'database': 'hortifruti', 'purchase': {'type': 'paid', 'product_id': '54071', 'product_hash': None, 'use_limit': 19, 'end_date': datetime.datetime(2024, 8, 23, 0, 0, tzinfo=FixedOffset(datetime.timedelta(0), 'UTC')), 'start_trial': datetime.datetime(2024, 6, 11, 12, 10, 46, 238000, tzinfo=FixedOffset(datetime.timedelta(0), 'UTC')), 'free_trial_ended_date': None}, 'analytics': {'id': None, 'source': 'email'}, 'preferences': {'newsletter': True}, 'cta': {'recovery_user_register_first_message': False, 'recovery_user_register_trys': 0, 'recovery_user_register_response': False, 'received_arts': 25}, 'info': {'name': 'Thiagos Hortifruti', 'cellphone': '(31) 99892-9068', 'email': None, 'address': 'Av Oscar Caetano Gomes 1706 Santo Antônio São Francisco MG', 'instagram': '@saboresdaterrahortifruti', 'facebook': None, 'marketing': {'hashtags': []}, 'extra': {}}, 'options': {'style': {'bg-layer': {'effects': {'colorize': {'color': '#c9eeb1'}}}, 'color-primary': '#006805', 'color-secondary': '#e1ffcd', 'color-bg-primary': '#c9eeb1', 'color-bg-secondary': '#006805', 'color-bg-tertiary': '#3aa700'}}, 'templates': ['6605bd3134db70ef71a343fb', '6605bd3234db70ef71a343fc', '6605bd3234db70ef71a343fd', '6605bd3334db70ef71a343fe', '6605bd3334db70ef71a343ff', '6605bd3334db70ef71a34400', '6605bd3334db70ef71a34401', '6605bd3434db70ef71a34402', '6605bd3434db70ef71a34403', '6605bd3434db70ef71a34404', '6605bd3434db70ef71a34405', '6605bd3434db70ef71a34406', '6605bd3534db70ef71a34407', '6605bd3534db70ef71a34408', '6605bd3534db70ef71a34409', '6605bd3534db70ef71a3440a', '6605bd3534db70ef71a3440b', '6605bd3634db70ef71a3440d', '6605bd3634db70ef71a3440e', '6605bd3634db70ef71a3440f', '6605bd3634db70ef71a34410', '6605bd3734db70ef71a34411', '6605bd3734db70ef71a34412', '6605bd3734db70ef71a34413', '6605bd3734db70ef71a34414', '6605bd3834db70ef71a34415', '6605bd3834db70ef71a34416', '6605bd3834db70ef71a34417', '661d4b909503a17578718d9d', '661d5664738b554695c28e04', '661d5699ea01f0782518301e', '66266250ea01f07825183034', '6605bd3534db70ef71a3440c', '6629487fea01f0782518303b', '660d688beda4b1b5dc271b39'], 'narration': {'company_genre': 'm', 'company_name': 'Thiagos Hortifruti', 'company_slogan': '', 'number_narration': ''}, 'images': ['logo.png', 'dark-logo.png'], 'is_dev': True, 'has_logo': False, 'has_profile_logo': False, 'last_activity': datetime.datetime(2024, 11, 25, 17, 23, 51, 246000, tzinfo=FixedOffset(datetime.timedelta(0), 'UTC')), 'created_at': datetime.datetime(2024, 5, 26, 12, 44, 23, 45000, tzinfo=FixedOffset(datetime.timedelta(0), 'UTC')), 'logo_by_designer': False, 'prospector': {'name': 'Michelly', 'cellphone': '553584697723'}, 'agendor_funnel_stage': None, 'registered': True, 'crm': {'id': 40313132, 'deal_id': 27162014, 'funnel_id': None, 'funnel_stage': None}, 'colors': {'primary': None, 'secondary': None, 'tertiary': None}, 'is_tutorial': False, 'flow_state': None, 'id': '665f169147ee179c0954145a', 'synced': False}
2024-11-26 15:15:01,958 - root - INFO - Client ID: 665f169147ee179c0954145a
2024-11-26 15:15:03,199 - root - INFO - Arquivo image_fb48a883-4f8e-4b87-980f-8e7e788a0959.png enviado para o Firebase Storage.
2024-11-26 15:15:03,742 - root - INFO - URL pública gerada para image_fb48a883-4f8e-4b87-980f-8e7e788a0959.png: https://storage.googleapis.com/video-ai-bae31.appspot.com/prospection_BF/665f169147ee179c0954145a%20-%2074e80194-2727-4f45-840b-1a66b7b10351/image_fb48a883-4f8e-4b87-980f-8e7e788a0959.png
2024-11-26 15:15:03,949 - root - INFO - Client: {'_id': ObjectId('665f169147ee179c0954145a'), 'client': ['5511934662569', '553198929068'], 'main_client': '5511934662569', 'username': 'videoai-admin-thiagonoq', 'password': '$argon2id$v=19$m=65536,t=3,p=4$yr0qG9ecu34+gqaSnOMM8A$mUzhmTjvgoeeN+1bGfkmRJLeDzRv+zD5R8GFC0+ewwM', 'niche': 'hortifruti', 'database': 'hortifruti', 'purchase': {'type': 'paid', 'product_id': '54071', 'product_hash': None, 'use_limit': 19, 'end_date': datetime.datetime(2024, 8, 23, 0, 0, tzinfo=FixedOffset(datetime.timedelta(0), 'UTC')), 'start_trial': datetime.datetime(2024, 6, 11, 12, 10, 46, 238000, tzinfo=FixedOffset(datetime.timedelta(0), 'UTC')), 'free_trial_ended_date': None}, 'analytics': {'id': None, 'source': 'email'}, 'preferences': {'newsletter': True}, 'cta': {'recovery_user_register_first_message': False, 'recovery_user_register_trys': 0, 'recovery_user_register_response': False, 'received_arts': 25}, 'info': {'name': 'Thiagos Hortifruti', 'cellphone': '(31) 99892-9068', 'email': None, 'address': 'Av Oscar Caetano Gomes 1706 Santo Antônio São Francisco MG', 'instagram': '@saboresdaterrahortifruti', 'facebook': None, 'marketing': {'hashtags': []}, 'extra': {}}, 'options': {'style': {'bg-layer': {'effects': {'colorize': {'color': '#c9eeb1'}}}, 'color-primary': '#006805', 'color-secondary': '#e1ffcd', 'color-bg-primary': '#c9eeb1', 'color-bg-secondary': '#006805', 'color-bg-tertiary': '#3aa700'}}, 'templates': ['6605bd3134db70ef71a343fb', '6605bd3234db70ef71a343fc', '6605bd3234db70ef71a343fd', '6605bd3334db70ef71a343fe', '6605bd3334db70ef71a343ff', '6605bd3334db70ef71a34400', '6605bd3334db70ef71a34401', '6605bd3434db70ef71a34402', '6605bd3434db70ef71a34403', '6605bd3434db70ef71a34404', '6605bd3434db70ef71a34405', '6605bd3434db70ef71a34406', '6605bd3534db70ef71a34407', '6605bd3534db70ef71a34408', '6605bd3534db70ef71a34409', '6605bd3534db70ef71a3440a', '6605bd3534db70ef71a3440b', '6605bd3634db70ef71a3440d', '6605bd3634db70ef71a3440e', '6605bd3634db70ef71a3440f', '6605bd3634db70ef71a34410', '6605bd3734db70ef71a34411', '6605bd3734db70ef71a34412', '6605bd3734db70ef71a34413', '6605bd3734db70ef71a34414', '6605bd3834db70ef71a34415', '6605bd3834db70ef71a34416', '6605bd3834db70ef71a34417', '661d4b909503a17578718d9d', '661d5664738b554695c28e04', '661d5699ea01f0782518301e', '66266250ea01f07825183034', '6605bd3534db70ef71a3440c', '6629487fea01f0782518303b', '660d688beda4b1b5dc271b39'], 'narration': {'company_genre': 'm', 'company_name': 'Thiagos Hortifruti', 'company_slogan': '', 'number_narration': ''}, 'images': ['logo.png', 'dark-logo.png'], 'is_dev': True, 'has_logo': False, 'has_profile_logo': False, 'last_activity': datetime.datetime(2024, 11, 25, 17, 23, 51, 246000, tzinfo=FixedOffset(datetime.timedelta(0), 'UTC')), 'created_at': datetime.datetime(2024, 5, 26, 12, 44, 23, 45000, tzinfo=FixedOffset(datetime.timedelta(0), 'UTC')), 'logo_by_designer': False, 'prospector': {'name': 'Michelly', 'cellphone': '553584697723'}, 'agendor_funnel_stage': None, 'registered': True, 'crm': {'id': 40313132, 'deal_id': 27162014, 'funnel_id': None, 'funnel_stage': None}, 'colors': {'primary': None, 'secondary': None, 'tertiary': None}, 'is_tutorial': False, 'flow_state': None, 'id': '665f169147ee179c0954145a', 'synced': False}
2024-11-26 15:15:11,005 - root - INFO - Client ID: 665f169147ee179c0954145a
2024-11-26 15:15:12,259 - root - INFO - Arquivo image_34970fc2-3634-45d4-a4aa-880b2d53854c.png enviado para o Firebase Storage.
2024-11-26 15:15:12,785 - root - INFO - URL pública gerada para image_34970fc2-3634-45d4-a4aa-880b2d53854c.png: https://storage.googleapis.com/video-ai-bae31.appspot.com/prospection_BF/665f169147ee179c0954145a%20-%2006db904a-6f7b-41e7-943a-147f6bdcaaca/image_34970fc2-3634-45d4-a4aa-880b2d53854c.png
2024-11-26 15:15:12,990 - root - INFO - Client: {'_id': ObjectId('665f169147ee179c0954145a'), 'client': ['5511934662569', '553198929068'], 'main_client': '5511934662569', 'username': 'videoai-admin-thiagonoq', 'password': '$argon2id$v=19$m=65536,t=3,p=4$yr0qG9ecu34+gqaSnOMM8A$mUzhmTjvgoeeN+1bGfkmRJLeDzRv+zD5R8GFC0+ewwM', 'niche': 'hortifruti', 'database': 'hortifruti', 'purchase': {'type': 'paid', 'product_id': '54071', 'product_hash': None, 'use_limit': 19, 'end_date': datetime.datetime(2024, 8, 23, 0, 0, tzinfo=FixedOffset(datetime.timedelta(0), 'UTC')), 'start_trial': datetime.datetime(2024, 6, 11, 12, 10, 46, 238000, tzinfo=FixedOffset(datetime.timedelta(0), 'UTC')), 'free_trial_ended_date': None}, 'analytics': {'id': None, 'source': 'email'}, 'preferences': {'newsletter': True}, 'cta': {'recovery_user_register_first_message': False, 'recovery_user_register_trys': 0, 'recovery_user_register_response': False, 'received_arts': 25}, 'info': {'name': 'Thiagos Hortifruti', 'cellphone': '(31) 99892-9068', 'email': None, 'address': 'Av Oscar Caetano Gomes 1706 Santo Antônio São Francisco MG', 'instagram': '@saboresdaterrahortifruti', 'facebook': None, 'marketing': {'hashtags': []}, 'extra': {}}, 'options': {'style': {'bg-layer': {'effects': {'colorize': {'color': '#c9eeb1'}}}, 'color-primary': '#006805', 'color-secondary': '#e1ffcd', 'color-bg-primary': '#c9eeb1', 'color-bg-secondary': '#006805', 'color-bg-tertiary': '#3aa700'}}, 'templates': ['6605bd3134db70ef71a343fb', '6605bd3234db70ef71a343fc', '6605bd3234db70ef71a343fd', '6605bd3334db70ef71a343fe', '6605bd3334db70ef71a343ff', '6605bd3334db70ef71a34400', '6605bd3334db70ef71a34401', '6605bd3434db70ef71a34402', '6605bd3434db70ef71a34403', '6605bd3434db70ef71a34404', '6605bd3434db70ef71a34405', '6605bd3434db70ef71a34406', '6605bd3534db70ef71a34407', '6605bd3534db70ef71a34408', '6605bd3534db70ef71a34409', '6605bd3534db70ef71a3440a', '6605bd3534db70ef71a3440b', '6605bd3634db70ef71a3440d', '6605bd3634db70ef71a3440e', '6605bd3634db70ef71a3440f', '6605bd3634db70ef71a34410', '6605bd3734db70ef71a34411', '6605bd3734db70ef71a34412', '6605bd3734db70ef71a34413', '6605bd3734db70ef71a34414', '6605bd3834db70ef71a34415', '6605bd3834db70ef71a34416', '6605bd3834db70ef71a34417', '661d4b909503a17578718d9d', '661d5664738b554695c28e04', '661d5699ea01f0782518301e', '66266250ea01f07825183034', '6605bd3534db70ef71a3440c', '6629487fea01f0782518303b', '660d688beda4b1b5dc271b39'], 'narration': {'company_genre': 'm', 'company_name': 'Thiagos Hortifruti', 'company_slogan': '', 'number_narration': ''}, 'images': ['logo.png', 'dark-logo.png'], 'is_dev': True, 'has_logo': False, 'has_profile_logo': False, 'last_activity': datetime.datetime(2024, 11, 25, 17, 23, 51, 246000, tzinfo=FixedOffset(datetime.timedelta(0), 'UTC')), 'created_at': datetime.datetime(2024, 5, 26, 12, 44, 23, 45000, tzinfo=FixedOffset(datetime.timedelta(0), 'UTC')), 'logo_by_designer': False, 'prospector': {'name': 'Michelly', 'cellphone': '553584697723'}, 'agendor_funnel_stage': None, 'registered': True, 'crm': {'id': 40313132, 'deal_id': 27162014, 'funnel_id': None, 'funnel_stage': None}, 'colors': {'primary': None, 'secondary': None, 'tertiary': None}, 'is_tutorial': False, 'flow_state': None, 'id': '665f169147ee179c0954145a', 'synced': False}
2024-11-26 15:17:06,630 - root - INFO - Conectado ao MongoDB.
2024-11-26 15:17:38,141 - root - INFO - Client ID: 665f169147ee179c0954145a
2024-11-26 15:17:39,367 - root - INFO - Arquivo image_34de2930-f74a-43a3-bdc8-31b67798b5a6.png enviado para o Firebase Storage.
2024-11-26 15:17:39,902 - root - INFO - URL pública gerada para image_34de2930-f74a-43a3-bdc8-31b67798b5a6.png: https://storage.googleapis.com/video-ai-bae31.appspot.com/prospection_BF/665f169147ee179c0954145a%20-%20b2408336-4e66-4444-bcc5-d2d86e56b0d6/image_34de2930-f74a-43a3-bdc8-31b67798b5a6.png
2024-11-26 15:17:40,110 - root - INFO - Client: {'_id': ObjectId('665f169147ee179c0954145a'), 'client': ['5511934662569', '553198929068'], 'main_client': '5511934662569', 'username': 'videoai-admin-thiagonoq', 'password': '$argon2id$v=19$m=65536,t=3,p=4$yr0qG9ecu34+gqaSnOMM8A$mUzhmTjvgoeeN+1bGfkmRJLeDzRv+zD5R8GFC0+ewwM', 'niche': 'hortifruti', 'database': 'hortifruti', 'purchase': {'type': 'paid', 'product_id': '54071', 'product_hash': None, 'use_limit': 19, 'end_date': datetime.datetime(2024, 8, 23, 0, 0, tzinfo=FixedOffset(datetime.timedelta(0), 'UTC')), 'start_trial': datetime.datetime(2024, 6, 11, 12, 10, 46, 238000, tzinfo=FixedOffset(datetime.timedelta(0), 'UTC')), 'free_trial_ended_date': None}, 'analytics': {'id': None, 'source': 'email'}, 'preferences': {'newsletter': True}, 'cta': {'recovery_user_register_first_message': False, 'recovery_user_register_trys': 0, 'recovery_user_register_response': False, 'received_arts': 25}, 'info': {'name': 'Thiagos Hortifruti', 'cellphone': '(31) 99892-9068', 'email': None, 'address': 'Av Oscar Caetano Gomes 1706 Santo Antônio São Francisco MG', 'instagram': '@saboresdaterrahortifruti', 'facebook': None, 'marketing': {'hashtags': []}, 'extra': {}}, 'options': {'style': {'bg-layer': {'effects': {'colorize': {'color': '#c9eeb1'}}}, 'color-primary': '#006805', 'color-secondary': '#e1ffcd', 'color-bg-primary': '#c9eeb1', 'color-bg-secondary': '#006805', 'color-bg-tertiary': '#3aa700'}}, 'templates': ['6605bd3134db70ef71a343fb', '6605bd3234db70ef71a343fc', '6605bd3234db70ef71a343fd', '6605bd3334db70ef71a343fe', '6605bd3334db70ef71a343ff', '6605bd3334db70ef71a34400', '6605bd3334db70ef71a34401', '6605bd3434db70ef71a34402', '6605bd3434db70ef71a34403', '6605bd3434db70ef71a34404', '6605bd3434db70ef71a34405', '6605bd3434db70ef71a34406', '6605bd3534db70ef71a34407', '6605bd3534db70ef71a34408', '6605bd3534db70ef71a34409', '6605bd3534db70ef71a3440a', '6605bd3534db70ef71a3440b', '6605bd3634db70ef71a3440d', '6605bd3634db70ef71a3440e', '6605bd3634db70ef71a3440f', '6605bd3634db70ef71a34410', '6605bd3734db70ef71a34411', '6605bd3734db70ef71a34412', '6605bd3734db70ef71a34413', '6605bd3734db70ef71a34414', '6605bd3834db70ef71a34415', '6605bd3834db70ef71a34416', '6605bd3834db70ef71a34417', '661d4b909503a17578718d9d', '661d5664738b554695c28e04', '661d5699ea01f0782518301e', '66266250ea01f07825183034', '6605bd3534db70ef71a3440c', '6629487fea01f0782518303b', '660d688beda4b1b5dc271b39'], 'narration': {'company_genre': 'm', 'company_name': 'Thiagos Hortifruti', 'company_slogan': '', 'number_narration': ''}, 'images': ['logo.png', 'dark-logo.png'], 'is_dev': True, 'has_logo': False, 'has_profile_logo': False, 'last_activity': datetime.datetime(2024, 11, 25, 17, 23, 51, 246000, tzinfo=FixedOffset(datetime.timedelta(0), 'UTC')), 'created_at': datetime.datetime(2024, 5, 26, 12, 44, 23, 45000, tzinfo=FixedOffset(datetime.timedelta(0), 'UTC')), 'logo_by_designer': False, 'prospector': {'name': 'Michelly', 'cellphone': '553584697723'}, 'agendor_funnel_stage': None, 'registered': True, 'crm': {'id': 40313132, 'deal_id': 27162014, 'funnel_id': None, 'funnel_stage': None}, 'colors': {'primary': None, 'secondary': None, 'tertiary': None}, 'is_tutorial': False, 'flow_state': None, 'id': '665f169147ee179c0954145a', 'synced': False}
2024-11-26 15:17:44,918 - root - INFO - Conectado ao MongoDB.
2024-11-26 15:17:46,757 - root - INFO - Aplicação Firebase inicializada com sucesso.
2024-11-26 15:17:46,759 - root - INFO - Client ID: 665f169147ee179c0954145a
2024-11-26 15:17:48,525 - root - INFO - Arquivo image_d64f176c-72a4-48a4-a837-fa5df0cdf5ea.png enviado para o Firebase Storage.
2024-11-26 15:17:49,072 - root - INFO - URL pública gerada para image_d64f176c-72a4-48a4-a837-fa5df0cdf5ea.png: https://storage.googleapis.com/video-ai-bae31.appspot.com/prospection_BF/665f169147ee179c0954145a%20-%20e83e0b68-7e8f-4b49-9eb0-85277cca2b92/image_d64f176c-72a4-48a4-a837-fa5df0cdf5ea.png
2024-11-26 15:17:50,414 - root - INFO - Client: {'_id': ObjectId('665f169147ee179c0954145a'), 'client': ['5511934662569', '553198929068'], 'main_client': '5511934662569', 'username': 'videoai-admin-thiagonoq', 'password': '$argon2id$v=19$m=65536,t=3,p=4$yr0qG9ecu34+gqaSnOMM8A$mUzhmTjvgoeeN+1bGfkmRJLeDzRv+zD5R8GFC0+ewwM', 'niche': 'hortifruti', 'database': 'hortifruti', 'purchase': {'type': 'paid', 'product_id': '54071', 'product_hash': None, 'use_limit': 19, 'end_date': datetime.datetime(2024, 8, 23, 0, 0, tzinfo=FixedOffset(datetime.timedelta(0), 'UTC')), 'start_trial': datetime.datetime(2024, 6, 11, 12, 10, 46, 238000, tzinfo=FixedOffset(datetime.timedelta(0), 'UTC')), 'free_trial_ended_date': None}, 'analytics': {'id': None, 'source': 'email'}, 'preferences': {'newsletter': True}, 'cta': {'recovery_user_register_first_message': False, 'recovery_user_register_trys': 0, 'recovery_user_register_response': False, 'received_arts': 25}, 'info': {'name': 'Thiagos Hortifruti', 'cellphone': '(31) 99892-9068', 'email': None, 'address': 'Av Oscar Caetano Gomes 1706 Santo Antônio São Francisco MG', 'instagram': '@saboresdaterrahortifruti', 'facebook': None, 'marketing': {'hashtags': []}, 'extra': {}}, 'options': {'style': {'bg-layer': {'effects': {'colorize': {'color': '#c9eeb1'}}}, 'color-primary': '#006805', 'color-secondary': '#e1ffcd', 'color-bg-primary': '#c9eeb1', 'color-bg-secondary': '#006805', 'color-bg-tertiary': '#3aa700'}}, 'templates': ['6605bd3134db70ef71a343fb', '6605bd3234db70ef71a343fc', '6605bd3234db70ef71a343fd', '6605bd3334db70ef71a343fe', '6605bd3334db70ef71a343ff', '6605bd3334db70ef71a34400', '6605bd3334db70ef71a34401', '6605bd3434db70ef71a34402', '6605bd3434db70ef71a34403', '6605bd3434db70ef71a34404', '6605bd3434db70ef71a34405', '6605bd3434db70ef71a34406', '6605bd3534db70ef71a34407', '6605bd3534db70ef71a34408', '6605bd3534db70ef71a34409', '6605bd3534db70ef71a3440a', '6605bd3534db70ef71a3440b', '6605bd3634db70ef71a3440d', '6605bd3634db70ef71a3440e', '6605bd3634db70ef71a3440f', '6605bd3634db70ef71a34410', '6605bd3734db70ef71a34411', '6605bd3734db70ef71a34412', '6605bd3734db70ef71a34413', '6605bd3734db70ef71a34414', '6605bd3834db70ef71a34415', '6605bd3834db70ef71a34416', '6605bd3834db70ef71a34417', '661d4b909503a17578718d9d', '661d5664738b554695c28e04', '661d5699ea01f0782518301e', '66266250ea01f07825183034', '6605bd3534db70ef71a3440c', '6629487fea01f0782518303b', '660d688beda4b1b5dc271b39'], 'narration': {'company_genre': 'm', 'company_name': 'Thiagos Hortifruti', 'company_slogan': '', 'number_narration': ''}, 'images': ['logo.png', 'dark-logo.png'], 'is_dev': True, 'has_logo': False, 'has_profile_logo': False, 'last_activity': datetime.datetime(2024, 11, 25, 17, 23, 51, 246000, tzinfo=FixedOffset(datetime.timedelta(0), 'UTC')), 'created_at': datetime.datetime(2024, 5, 26, 12, 44, 23, 45000, tzinfo=FixedOffset(datetime.timedelta(0), 'UTC')), 'logo_by_designer': False, 'prospector': {'name': 'Michelly', 'cellphone': '553584697723'}, 'agendor_funnel_stage': None, 'registered': True, 'crm': {'id': 40313132, 'deal_id': 27162014, 'funnel_id': None, 'funnel_stage': None}, 'colors': {'primary': None, 'secondary': None, 'tertiary': None}, 'is_tutorial': False, 'flow_state': None, 'id': '665f169147ee179c0954145a', 'synced': False}
2024-11-26 15:18:00,470 - root - INFO - Conectado ao MongoDB.
2024-11-26 15:27:17,945 - root - INFO - Conectado ao MongoDB.
2024-11-26 15:27:26,650 - root - INFO - Conectado ao MongoDB.
2024-11-26 17:06:55,850 - root - INFO - Conectado ao MongoDB.
2024-11-26 17:10:35,657 - root - INFO - Conectado ao MongoDB.
2024-11-26 17:13:29,475 - root - INFO - Conectado ao MongoDB.
2024-11-26 17:20:41,285 - root - INFO - Conectado ao MongoDB.
2024-11-26 17:23:32,329 - root - INFO - Conectado ao MongoDB.
2024-11-26 17:28:31,528 - root - INFO - Conectado ao MongoDB.
2024-11-26 17:28:44,413 - root - INFO - Conectado ao MongoDB.
2024-11-26 17:30:54,404 - root - INFO - Conectado ao MongoDB.
2024-11-26 17:32:44,980 - root - INFO - Conectado ao MongoDB.
2024-11-26 17:32:48,138 - root - INFO - Conectado ao MongoDB.
2024-11-26 17:33:48,673 - root - INFO - Conectado ao MongoDB.
2024-11-26 17:35:19,631 - root - INFO - Conectado ao MongoDB.
2024-11-26 17:35:33,730 - root - INFO - Conectado ao MongoDB.
2024-11-26 17:35:57,462 - root - INFO - Conectado ao MongoDB.
2024-11-26 17:36:31,790 - root - INFO - Conectado ao MongoDB.
2024-11-26 17:36:39,247 - root - INFO - Conectado ao MongoDB.
2024-11-26 17:36:51,697 - root - INFO - Instância ZAPI conectada: 3D2D9DC0ED42C0D363EC528901F28C87
2024-11-26 17:36:51,700 - root - INFO - Instância ZAPI conectada: 3D2DB1BB3D0630E78A29528901F28C87
2024-11-26 17:36:51,714 - root - INFO - Instância ZAPI conectada: 3D413F235702C0A635F202172B1F54BB
2024-11-26 17:36:51,719 - root - INFO - Instância ZAPI conectada: 3B6EA9EF4C4490A38447D65E22EE6DAD
2024-11-26 17:36:52,097 - root - INFO - Telefone 553198929068 existe no Whatsapp: 3D2D9DC0ED42C0D363EC528901F28C87
2024-11-26 17:36:52,153 - root - INFO - Instância ZAPI conectada: 3D35B59EDDD1C06F693B528901F28C87
2024-11-26 17:36:52,171 - root - INFO - Instância ZAPI conectada: 3D413F0D43EB10F91DC902172B1F54BB
2024-11-26 17:36:52,175 - root - INFO - Telefone 553198929068 existe no Whatsapp: 3B6EA9EF4C4490A38447D65E22EE6DAD
2024-11-26 17:36:52,552 - root - INFO - Telefone 553198929068 existe no Whatsapp: 3D2DB1BB3D0630E78A29528901F28C87
2024-11-26 17:36:52,591 - root - INFO - Telefone 553198929068 existe no Whatsapp: 3D413F235702C0A635F202172B1F54BB
2024-11-26 17:36:52,634 - root - INFO - Telefone 553198929068 existe no Whatsapp: 3D35B59EDDD1C06F693B528901F28C87
2024-11-26 17:36:53,377 - root - INFO - Telefone 553198929068 existe no Whatsapp: 3D413F0D43EB10F91DC902172B1F54BB
2024-11-26 17:36:56,184 - root - INFO - Enviando mensagem para 553198929068 (553198929068)
2024-11-26 17:37:51,302 - root - INFO - Conectado ao MongoDB.
